2022-12-18 21:12:244 INFO  HomePage :59 - Clicking on register link : [[ChromeDriver: chrome on WINDOWS (64e2124d0b86d2b98c80d822b71b87ed)] -> link text: Desktops]
2022-12-18 21:12:247 INFO  HomePage :64 - Clicking on register link : Proxy element for: DefaultElementLocator 'By.linkText: Show All Laptops & Notebooks'
2022-12-18 21:12:197 INFO  DesktopsPage :116 - Clicking on login link : [[ChromeDriver: chrome on WINDOWS (64e2124d0b86d2b98c80d822b71b87ed)] -> xpath: //select[@id='input-sort']]
2022-12-18 21:12:734 INFO  DesktopsPage :141 - Clicking on login link : [[ChromeDriver: chrome on WINDOWS (64e2124d0b86d2b98c80d822b71b87ed)] -> xpath: //a[contains(text(),'HP LP3065')]]
2022-12-18 21:12:799 INFO  DesktopsPage :147 - Clicking on login link : [[ChromeDriver: chrome on WINDOWS (64e2124d0b86d2b98c80d822b71b87ed)] -> xpath: //h1[contains(text(),'HP LP3065')]]
2022-12-18 21:12:124 INFO  DesktopsPage :172 - Clicking on login link : [[ChromeDriver: chrome on WINDOWS (64e2124d0b86d2b98c80d822b71b87ed)] -> name: quantity]
2022-12-18 21:12:239 INFO  DesktopsPage :179 - Clicking on login link : [[ChromeDriver: chrome on WINDOWS (64e2124d0b86d2b98c80d822b71b87ed)] -> id: button-cart]
2022-12-18 21:12:611 INFO  DesktopsPage :187 - Clicking on login link : [[ChromeDriver: chrome on WINDOWS (64e2124d0b86d2b98c80d822b71b87ed)] -> css selector: body:nth-child(2) div.container:nth-child(4) > div.alert.alert-success.alert-dismissible]
2022-12-18 21:12:741 INFO  DesktopsPage :198 - Clicking on login link : [[ChromeDriver: chrome on WINDOWS (64e2124d0b86d2b98c80d822b71b87ed)] -> xpath: //a[contains(text(),'shopping cart')]]
2022-12-18 21:12:431 INFO  HomePage :59 - Clicking on register link : [[ChromeDriver: chrome on WINDOWS (8eaba848168e5643411ee7edf41701d7)] -> link text: Desktops]
2022-12-18 21:12:391 INFO  HomePage :64 - Clicking on register link : Proxy element for: DefaultElementLocator 'By.linkText: Show All Laptops & Notebooks'
2022-12-18 21:12:396 INFO  DesktopsPage :116 - Clicking on login link : [[ChromeDriver: chrome on WINDOWS (8eaba848168e5643411ee7edf41701d7)] -> xpath: //select[@id='input-sort']]
2022-12-18 21:12:61 INFO  DesktopsPage :141 - Clicking on login link : [[ChromeDriver: chrome on WINDOWS (8eaba848168e5643411ee7edf41701d7)] -> xpath: //a[contains(text(),'HP LP3065')]]
2022-12-18 21:12:141 INFO  DesktopsPage :147 - Clicking on login link : [[ChromeDriver: chrome on WINDOWS (8eaba848168e5643411ee7edf41701d7)] -> xpath: //h1[contains(text(),'HP LP3065')]]
2022-12-18 21:12:371 INFO  DesktopsPage :172 - Clicking on login link : [[ChromeDriver: chrome on WINDOWS (8eaba848168e5643411ee7edf41701d7)] -> name: quantity]
2022-12-18 21:12:472 INFO  DesktopsPage :179 - Clicking on login link : [[ChromeDriver: chrome on WINDOWS (8eaba848168e5643411ee7edf41701d7)] -> id: button-cart]
2022-12-18 21:12:852 INFO  DesktopsPage :187 - Clicking on login link : [[ChromeDriver: chrome on WINDOWS (8eaba848168e5643411ee7edf41701d7)] -> css selector: body:nth-child(2) div.container:nth-child(4) > div.alert.alert-success.alert-dismissible]
2022-12-18 21:12:343 INFO  DesktopsPage :198 - Clicking on login link : [[ChromeDriver: chrome on WINDOWS (8eaba848168e5643411ee7edf41701d7)] -> xpath: //a[contains(text(),'shopping cart')]]
2022-12-18 21:12:416 INFO  DesktopsPage :202 - Clicking on login link : [[ChromeDriver: chrome on WINDOWS (8eaba848168e5643411ee7edf41701d7)] -> xpath: //a[contains(text(),'Shopping Cart')]]
2022-12-18 21:12:482 INFO  DesktopsPage :210 - Clicking on login link : [[ChromeDriver: chrome on WINDOWS (8eaba848168e5643411ee7edf41701d7)] -> xpath: //div[@class = 'table-responsive']/table/tbody/tr/td[2]/a]
2022-12-18 21:12:534 INFO  DesktopsPage :219 - Clicking on login link : [[ChromeDriver: chrome on WINDOWS (8eaba848168e5643411ee7edf41701d7)] -> xpath: //div[@class = 'table-responsive']/table/tbody/tr/td[2]/small[1]]
2022-12-18 21:12:575 INFO  DesktopsPage :226 - Clicking on login link : [[ChromeDriver: chrome on WINDOWS (8eaba848168e5643411ee7edf41701d7)] -> xpath: //div[@class = 'table-responsive']/table/tbody/tr/td[3]]
2022-12-18 21:12:618 INFO  DesktopsPage :233 - Clicking on login link : [[ChromeDriver: chrome on WINDOWS (8eaba848168e5643411ee7edf41701d7)] -> xpath: //div[@class = 'table-responsive']/table/tbody/tr/td[6]]
2022-12-18 21:12:933 INFO  HomePage :59 - Clicking on register link : [[ChromeDriver: chrome on WINDOWS (986a85fd1e87f6c5126d68119bf2771d)] -> link text: Desktops]
2022-12-18 21:12:917 INFO  HomePage :64 - Clicking on register link : Proxy element for: DefaultElementLocator 'By.linkText: Show All Laptops & Notebooks'
2022-12-18 21:12:623 INFO  DesktopsPage :116 - Clicking on login link : [[ChromeDriver: chrome on WINDOWS (986a85fd1e87f6c5126d68119bf2771d)] -> xpath: //select[@id='input-sort']]
2022-12-18 21:12:199 INFO  DesktopsPage :141 - Clicking on login link : [[ChromeDriver: chrome on WINDOWS (986a85fd1e87f6c5126d68119bf2771d)] -> xpath: //a[contains(text(),'HP LP3065')]]
2022-12-18 21:12:260 INFO  DesktopsPage :147 - Clicking on login link : [[ChromeDriver: chrome on WINDOWS (986a85fd1e87f6c5126d68119bf2771d)] -> xpath: //h1[contains(text(),'HP LP3065')]]
2022-12-18 21:12:599 INFO  DesktopsPage :172 - Clicking on login link : [[ChromeDriver: chrome on WINDOWS (986a85fd1e87f6c5126d68119bf2771d)] -> name: quantity]
2022-12-18 21:12:712 INFO  DesktopsPage :179 - Clicking on login link : [[ChromeDriver: chrome on WINDOWS (986a85fd1e87f6c5126d68119bf2771d)] -> id: button-cart]
2022-12-18 21:12:389 INFO  HomePage :59 - Clicking on register link : [[ChromeDriver: chrome on WINDOWS (a6d49fd9833d3ef893ebf9b3fba03e8c)] -> link text: Desktops]
2022-12-18 21:12:415 INFO  HomePage :64 - Clicking on register link : Proxy element for: DefaultElementLocator 'By.linkText: Show All Laptops & Notebooks'
2022-12-18 21:12:194 INFO  DesktopsPage :116 - Clicking on login link : [[ChromeDriver: chrome on WINDOWS (a6d49fd9833d3ef893ebf9b3fba03e8c)] -> xpath: //select[@id='input-sort']]
2022-12-18 21:12:19 INFO  DesktopsPage :141 - Clicking on login link : [[ChromeDriver: chrome on WINDOWS (a6d49fd9833d3ef893ebf9b3fba03e8c)] -> xpath: //a[contains(text(),'HP LP3065')]]
2022-12-18 21:12:100 INFO  DesktopsPage :147 - Clicking on login link : [[ChromeDriver: chrome on WINDOWS (a6d49fd9833d3ef893ebf9b3fba03e8c)] -> xpath: //h1[contains(text(),'HP LP3065')]]
2022-12-18 21:12:845 INFO  DesktopsPage :172 - Clicking on login link : [[ChromeDriver: chrome on WINDOWS (a6d49fd9833d3ef893ebf9b3fba03e8c)] -> name: quantity]
2022-12-18 21:12:975 INFO  DesktopsPage :179 - Clicking on login link : [[ChromeDriver: chrome on WINDOWS (a6d49fd9833d3ef893ebf9b3fba03e8c)] -> id: button-cart]
2022-12-18 21:12:373 INFO  DesktopsPage :187 - Clicking on login link : [[ChromeDriver: chrome on WINDOWS (a6d49fd9833d3ef893ebf9b3fba03e8c)] -> css selector: body:nth-child(2) div.container:nth-child(4) > div.alert.alert-success.alert-dismissible]
2022-12-18 21:12:701 INFO  HomePage :59 - Clicking on register link : [[ChromeDriver: chrome on WINDOWS (d0ced3420ee790512a17f0cf5a85f7fe)] -> link text: Desktops]
2022-12-18 21:12:647 INFO  HomePage :64 - Clicking on register link : Proxy element for: DefaultElementLocator 'By.linkText: Show All Laptops & Notebooks'
2022-12-18 21:12:462 INFO  DesktopsPage :116 - Clicking on login link : [[ChromeDriver: chrome on WINDOWS (d0ced3420ee790512a17f0cf5a85f7fe)] -> xpath: //select[@id='input-sort']]
2022-12-18 21:12:73 INFO  DesktopsPage :141 - Clicking on login link : [[ChromeDriver: chrome on WINDOWS (d0ced3420ee790512a17f0cf5a85f7fe)] -> xpath: //a[contains(text(),'HP LP3065')]]
2022-12-18 21:12:151 INFO  DesktopsPage :147 - Clicking on login link : [[ChromeDriver: chrome on WINDOWS (d0ced3420ee790512a17f0cf5a85f7fe)] -> xpath: //h1[contains(text(),'HP LP3065')]]
2022-12-18 21:12:176 INFO  DesktopsPage :172 - Clicking on login link : [[ChromeDriver: chrome on WINDOWS (d0ced3420ee790512a17f0cf5a85f7fe)] -> name: quantity]
2022-12-18 21:12:277 INFO  DesktopsPage :179 - Clicking on login link : [[ChromeDriver: chrome on WINDOWS (d0ced3420ee790512a17f0cf5a85f7fe)] -> id: button-cart]
2022-12-18 21:12:526 INFO  DesktopsPage :187 - Clicking on login link : [[ChromeDriver: chrome on WINDOWS (d0ced3420ee790512a17f0cf5a85f7fe)] -> css selector: body:nth-child(2) div.container:nth-child(4) > div.alert.alert-success.alert-dismissible]
2022-12-18 21:12:664 INFO  DesktopsPage :198 - Clicking on login link : [[ChromeDriver: chrome on WINDOWS (d0ced3420ee790512a17f0cf5a85f7fe)] -> xpath: //a[contains(text(),'shopping cart')]]
2022-12-18 21:12:663 INFO  HomePage :59 - Clicking on register link : [[ChromeDriver: chrome on WINDOWS (6f3207f6221810f8b3e08b62b0ec759d)] -> link text: Desktops]
2022-12-18 21:12:611 INFO  HomePage :64 - Clicking on register link : Proxy element for: DefaultElementLocator 'By.linkText: Show All Laptops & Notebooks'
2022-12-18 21:12:376 INFO  DesktopsPage :116 - Clicking on login link : [[ChromeDriver: chrome on WINDOWS (6f3207f6221810f8b3e08b62b0ec759d)] -> xpath: //select[@id='input-sort']]
2022-12-18 21:12:319 INFO  DesktopsPage :141 - Clicking on login link : [[ChromeDriver: chrome on WINDOWS (6f3207f6221810f8b3e08b62b0ec759d)] -> xpath: //a[contains(text(),'HP LP3065')]]
2022-12-18 21:12:389 INFO  DesktopsPage :147 - Clicking on login link : [[ChromeDriver: chrome on WINDOWS (6f3207f6221810f8b3e08b62b0ec759d)] -> xpath: //h1[contains(text(),'HP LP3065')]]
2022-12-18 21:12:351 INFO  DesktopsPage :172 - Clicking on login link : [[ChromeDriver: chrome on WINDOWS (6f3207f6221810f8b3e08b62b0ec759d)] -> name: quantity]
2022-12-18 21:12:494 INFO  DesktopsPage :179 - Clicking on login link : [[ChromeDriver: chrome on WINDOWS (6f3207f6221810f8b3e08b62b0ec759d)] -> id: button-cart]
2022-12-18 21:12:876 INFO  DesktopsPage :187 - Clicking on login link : [[ChromeDriver: chrome on WINDOWS (6f3207f6221810f8b3e08b62b0ec759d)] -> css selector: body:nth-child(2) div.container:nth-child(4) > div.alert.alert-success.alert-dismissible]
2022-12-18 21:12:16 INFO  DesktopsPage :198 - Clicking on login link : [[ChromeDriver: chrome on WINDOWS (6f3207f6221810f8b3e08b62b0ec759d)] -> xpath: //a[contains(text(),'shopping cart')]]
2022-12-18 21:12:102 INFO  HomePage :59 - Clicking on register link : [[ChromeDriver: chrome on WINDOWS (6690b6b5c5a8eda771377bec92e0661d)] -> link text: Desktops]
2022-12-18 21:12:38 INFO  HomePage :64 - Clicking on register link : Proxy element for: DefaultElementLocator 'By.linkText: Show All Laptops & Notebooks'
2022-12-18 21:12:690 INFO  DesktopsPage :116 - Clicking on login link : [[ChromeDriver: chrome on WINDOWS (6690b6b5c5a8eda771377bec92e0661d)] -> xpath: //select[@id='input-sort']]
2022-12-18 21:12:254 INFO  DesktopsPage :141 - Clicking on login link : [[ChromeDriver: chrome on WINDOWS (6690b6b5c5a8eda771377bec92e0661d)] -> xpath: //a[contains(text(),'HP LP3065')]]
2022-12-18 21:12:328 INFO  DesktopsPage :147 - Clicking on login link : [[ChromeDriver: chrome on WINDOWS (6690b6b5c5a8eda771377bec92e0661d)] -> xpath: //h1[contains(text(),'HP LP3065')]]
2022-12-18 21:12:199 INFO  DesktopsPage :172 - Clicking on login link : [[ChromeDriver: chrome on WINDOWS (6690b6b5c5a8eda771377bec92e0661d)] -> name: quantity]
2022-12-18 21:12:296 INFO  DesktopsPage :179 - Clicking on login link : [[ChromeDriver: chrome on WINDOWS (6690b6b5c5a8eda771377bec92e0661d)] -> id: button-cart]
2022-12-18 21:12:655 INFO  DesktopsPage :187 - Clicking on login link : [[ChromeDriver: chrome on WINDOWS (6690b6b5c5a8eda771377bec92e0661d)] -> css selector: body:nth-child(2) div.container:nth-child(4) > div.alert.alert-success.alert-dismissible]
2022-12-18 21:12:462 INFO  HomePage :59 - Clicking on register link : [[ChromeDriver: chrome on WINDOWS (bbd5b5c36ad0eedeef781e4c7f90d79c)] -> link text: Desktops]
2022-12-18 21:12:390 INFO  HomePage :64 - Clicking on register link : Proxy element for: DefaultElementLocator 'By.linkText: Show All Laptops & Notebooks'
2022-12-18 21:12:173 INFO  DesktopsPage :116 - Clicking on login link : [[ChromeDriver: chrome on WINDOWS (bbd5b5c36ad0eedeef781e4c7f90d79c)] -> xpath: //select[@id='input-sort']]
2022-12-18 21:12:888 INFO  DesktopsPage :141 - Clicking on login link : [[ChromeDriver: chrome on WINDOWS (bbd5b5c36ad0eedeef781e4c7f90d79c)] -> xpath: //a[contains(text(),'HP LP3065')]]
2022-12-18 21:12:959 INFO  DesktopsPage :147 - Clicking on login link : [[ChromeDriver: chrome on WINDOWS (bbd5b5c36ad0eedeef781e4c7f90d79c)] -> xpath: //h1[contains(text(),'HP LP3065')]]
2022-12-18 21:12:791 INFO  DesktopsPage :172 - Clicking on login link : [[ChromeDriver: chrome on WINDOWS (bbd5b5c36ad0eedeef781e4c7f90d79c)] -> name: quantity]
2022-12-18 21:12:894 INFO  DesktopsPage :179 - Clicking on login link : [[ChromeDriver: chrome on WINDOWS (bbd5b5c36ad0eedeef781e4c7f90d79c)] -> id: button-cart]
2022-12-18 21:12:265 INFO  DesktopsPage :187 - Clicking on login link : [[ChromeDriver: chrome on WINDOWS (bbd5b5c36ad0eedeef781e4c7f90d79c)] -> css selector: body:nth-child(2) div.container:nth-child(4) > div.alert.alert-success.alert-dismissible]
2022-12-18 21:12:821 INFO  DesktopsPage :198 - Clicking on login link : [[ChromeDriver: chrome on WINDOWS (bbd5b5c36ad0eedeef781e4c7f90d79c)] -> xpath: //a[contains(text(),'shopping cart')]]
2022-12-18 21:12:900 INFO  DesktopsPage :202 - Clicking on login link : [[ChromeDriver: chrome on WINDOWS (bbd5b5c36ad0eedeef781e4c7f90d79c)] -> xpath: //a[contains(text(),'Shopping Cart')]]
2022-12-18 21:12:971 INFO  DesktopsPage :210 - Clicking on login link : [[ChromeDriver: chrome on WINDOWS (bbd5b5c36ad0eedeef781e4c7f90d79c)] -> xpath: //div[@class = 'table-responsive']/table/tbody/tr/td[2]/a]
2022-12-18 21:12:33 INFO  DesktopsPage :219 - Clicking on login link : [[ChromeDriver: chrome on WINDOWS (bbd5b5c36ad0eedeef781e4c7f90d79c)] -> xpath: //div[@class = 'table-responsive']/table/tbody/tr/td[2]/small[1]]
2022-12-18 21:12:76 INFO  DesktopsPage :226 - Clicking on login link : [[ChromeDriver: chrome on WINDOWS (bbd5b5c36ad0eedeef781e4c7f90d79c)] -> xpath: //div[@class = 'table-responsive']/table/tbody/tr/td[3]]
2022-12-18 21:12:116 INFO  DesktopsPage :233 - Clicking on login link : [[ChromeDriver: chrome on WINDOWS (bbd5b5c36ad0eedeef781e4c7f90d79c)] -> xpath: //div[@class = 'table-responsive']/table/tbody/tr/td[6]]
2022-12-18 21:12:668 INFO  HomePage :59 - Clicking on register link : [[ChromeDriver: chrome on WINDOWS (8214424466e68aeb3a5a72d86f1f8e7d)] -> link text: Desktops]
2022-12-18 21:12:603 INFO  HomePage :64 - Clicking on register link : Proxy element for: DefaultElementLocator 'By.linkText: Show All Laptops & Notebooks'
2022-12-18 21:12:306 INFO  DesktopsPage :116 - Clicking on login link : [[ChromeDriver: chrome on WINDOWS (8214424466e68aeb3a5a72d86f1f8e7d)] -> xpath: //select[@id='input-sort']]
2022-12-18 21:12:895 INFO  DesktopsPage :141 - Clicking on login link : [[ChromeDriver: chrome on WINDOWS (8214424466e68aeb3a5a72d86f1f8e7d)] -> xpath: //a[contains(text(),'HP LP3065')]]
2022-12-18 21:12:953 INFO  DesktopsPage :147 - Clicking on login link : [[ChromeDriver: chrome on WINDOWS (8214424466e68aeb3a5a72d86f1f8e7d)] -> xpath: //h1[contains(text(),'HP LP3065')]]
2022-12-18 21:12:918 INFO  DesktopsPage :172 - Clicking on login link : [[ChromeDriver: chrome on WINDOWS (8214424466e68aeb3a5a72d86f1f8e7d)] -> name: quantity]
2022-12-18 21:12:21 INFO  DesktopsPage :179 - Clicking on login link : [[ChromeDriver: chrome on WINDOWS (8214424466e68aeb3a5a72d86f1f8e7d)] -> id: button-cart]
2022-12-18 21:12:378 INFO  DesktopsPage :187 - Clicking on login link : [[ChromeDriver: chrome on WINDOWS (8214424466e68aeb3a5a72d86f1f8e7d)] -> css selector: body:nth-child(2) div.container:nth-child(4) > div.alert.alert-success.alert-dismissible]
2022-12-18 21:12:483 INFO  DesktopsPage :198 - Clicking on login link : [[ChromeDriver: chrome on WINDOWS (8214424466e68aeb3a5a72d86f1f8e7d)] -> xpath: //a[contains(text(),'shopping cart')]]
2022-12-18 21:12:24 INFO  HomePage :59 - Clicking on register link : [[ChromeDriver: chrome on WINDOWS (6ac8c549192e997658e01096cb53f2b4)] -> link text: Desktops]
2022-12-18 21:12:913 INFO  HomePage :64 - Clicking on register link : Proxy element for: DefaultElementLocator 'By.linkText: Show All Laptops & Notebooks'
2022-12-18 21:12:610 INFO  DesktopsPage :116 - Clicking on login link : [[ChromeDriver: chrome on WINDOWS (6ac8c549192e997658e01096cb53f2b4)] -> xpath: //select[@id='input-sort']]
2022-12-18 21:12:341 INFO  DesktopsPage :141 - Clicking on login link : [[ChromeDriver: chrome on WINDOWS (6ac8c549192e997658e01096cb53f2b4)] -> xpath: //a[contains(text(),'HP LP3065')]]
2022-12-18 21:12:417 INFO  DesktopsPage :147 - Clicking on login link : [[ChromeDriver: chrome on WINDOWS (6ac8c549192e997658e01096cb53f2b4)] -> xpath: //h1[contains(text(),'HP LP3065')]]
2022-12-18 21:12:641 INFO  DesktopsPage :172 - Clicking on login link : [[ChromeDriver: chrome on WINDOWS (6ac8c549192e997658e01096cb53f2b4)] -> name: quantity]
2022-12-18 21:12:742 INFO  DesktopsPage :179 - Clicking on login link : [[ChromeDriver: chrome on WINDOWS (6ac8c549192e997658e01096cb53f2b4)] -> id: button-cart]
2022-12-18 21:12:118 INFO  DesktopsPage :187 - Clicking on login link : [[ChromeDriver: chrome on WINDOWS (6ac8c549192e997658e01096cb53f2b4)] -> css selector: body:nth-child(2) div.container:nth-child(4) > div.alert.alert-success.alert-dismissible]
2022-12-18 21:12:228 INFO  DesktopsPage :198 - Clicking on login link : [[ChromeDriver: chrome on WINDOWS (6ac8c549192e997658e01096cb53f2b4)] -> xpath: //a[contains(text(),'shopping cart')]]
2022-12-18 21:12:617 INFO  HomePage :59 - Clicking on register link : [[ChromeDriver: chrome on WINDOWS (b4a262fa80a58b91d7f7608da66ec5fa)] -> link text: Desktops]
2022-12-18 21:12:509 INFO  HomePage :64 - Clicking on register link : Proxy element for: DefaultElementLocator 'By.linkText: Show All Laptops & Notebooks'
2022-12-18 21:12:153 INFO  DesktopsPage :116 - Clicking on login link : [[ChromeDriver: chrome on WINDOWS (b4a262fa80a58b91d7f7608da66ec5fa)] -> xpath: //select[@id='input-sort']]
2022-12-18 21:12:692 INFO  DesktopsPage :141 - Clicking on login link : [[ChromeDriver: chrome on WINDOWS (b4a262fa80a58b91d7f7608da66ec5fa)] -> xpath: //a[contains(text(),'HP LP3065')]]
2022-12-18 21:12:734 INFO  DesktopsPage :147 - Clicking on login link : [[ChromeDriver: chrome on WINDOWS (b4a262fa80a58b91d7f7608da66ec5fa)] -> xpath: //h1[contains(text(),'HP LP3065')]]
2022-12-18 21:12:281 INFO  DesktopsPage :172 - Clicking on login link : [[ChromeDriver: chrome on WINDOWS (b4a262fa80a58b91d7f7608da66ec5fa)] -> name: quantity]
2022-12-18 21:12:352 INFO  DesktopsPage :179 - Clicking on login link : [[ChromeDriver: chrome on WINDOWS (b4a262fa80a58b91d7f7608da66ec5fa)] -> id: button-cart]
2022-12-18 21:12:445 INFO  HomePage :59 - Clicking on register link : [[ChromeDriver: chrome on WINDOWS (95ad36a0e2de61d22c8ad093d54abf5e)] -> link text: Desktops]
2022-12-18 21:12:359 INFO  HomePage :64 - Clicking on register link : Proxy element for: DefaultElementLocator 'By.linkText: Show All Laptops & Notebooks'
2022-12-18 21:12:509 INFO  DesktopsPage :116 - Clicking on login link : [[ChromeDriver: chrome on WINDOWS (95ad36a0e2de61d22c8ad093d54abf5e)] -> xpath: //select[@id='input-sort']]
2022-12-18 21:12:346 INFO  DesktopsPage :141 - Clicking on login link : [[ChromeDriver: chrome on WINDOWS (95ad36a0e2de61d22c8ad093d54abf5e)] -> xpath: //a[contains(text(),'HP LP3065')]]
2022-12-18 21:12:422 INFO  DesktopsPage :147 - Clicking on login link : [[ChromeDriver: chrome on WINDOWS (95ad36a0e2de61d22c8ad093d54abf5e)] -> xpath: //h1[contains(text(),'HP LP3065')]]
2022-12-18 21:12:443 INFO  DesktopsPage :172 - Clicking on login link : [[ChromeDriver: chrome on WINDOWS (95ad36a0e2de61d22c8ad093d54abf5e)] -> name: quantity]
2022-12-18 21:12:564 INFO  DesktopsPage :179 - Clicking on login link : [[ChromeDriver: chrome on WINDOWS (95ad36a0e2de61d22c8ad093d54abf5e)] -> id: button-cart]
2022-12-18 21:12:520 INFO  HomePage :59 - Clicking on register link : [[ChromeDriver: chrome on WINDOWS (2f709953592b86b7a5b335f4fd233048)] -> link text: Desktops]
2022-12-18 21:12:455 INFO  HomePage :64 - Clicking on register link : Proxy element for: DefaultElementLocator 'By.linkText: Show All Laptops & Notebooks'
2022-12-18 21:12:199 INFO  DesktopsPage :116 - Clicking on login link : [[ChromeDriver: chrome on WINDOWS (2f709953592b86b7a5b335f4fd233048)] -> xpath: //select[@id='input-sort']]
2022-12-18 21:12:848 INFO  DesktopsPage :141 - Clicking on login link : [[ChromeDriver: chrome on WINDOWS (2f709953592b86b7a5b335f4fd233048)] -> xpath: //a[contains(text(),'HP LP3065')]]
2022-12-18 21:12:926 INFO  DesktopsPage :147 - Clicking on login link : [[ChromeDriver: chrome on WINDOWS (2f709953592b86b7a5b335f4fd233048)] -> xpath: //h1[contains(text(),'HP LP3065')]]
2022-12-18 21:12:986 INFO  DesktopsPage :172 - Clicking on login link : [[ChromeDriver: chrome on WINDOWS (2f709953592b86b7a5b335f4fd233048)] -> name: quantity]
2022-12-18 21:12:96 INFO  DesktopsPage :179 - Clicking on login link : [[ChromeDriver: chrome on WINDOWS (2f709953592b86b7a5b335f4fd233048)] -> id: button-cart]
2022-12-18 21:12:455 INFO  DesktopsPage :187 - Clicking on login link : [[ChromeDriver: chrome on WINDOWS (2f709953592b86b7a5b335f4fd233048)] -> css selector: body:nth-child(2) div.container:nth-child(4) > div.alert.alert-success.alert-dismissible]
2022-12-18 21:12:599 INFO  DesktopsPage :198 - Clicking on login link : [[ChromeDriver: chrome on WINDOWS (2f709953592b86b7a5b335f4fd233048)] -> xpath: //a[contains(text(),'shopping cart')]]
2022-12-18 22:12:568 INFO  HomePage :59 - Clicking on register link : [[ChromeDriver: chrome on WINDOWS (b92d26d22d312f4b3e830caba60a3bc4)] -> link text: Desktops]
2022-12-18 22:12:538 INFO  HomePage :64 - Clicking on register link : Proxy element for: DefaultElementLocator 'By.linkText: Show All Laptops & Notebooks'
2022-12-18 22:12:248 INFO  DesktopsPage :116 - Clicking on login link : [[ChromeDriver: chrome on WINDOWS (b92d26d22d312f4b3e830caba60a3bc4)] -> xpath: //select[@id='input-sort']]
2022-12-18 22:12:993 INFO  DesktopsPage :141 - Clicking on login link : [[ChromeDriver: chrome on WINDOWS (b92d26d22d312f4b3e830caba60a3bc4)] -> xpath: //a[contains(text(),'HP LP3065')]]
2022-12-18 22:12:72 INFO  DesktopsPage :147 - Clicking on login link : [[ChromeDriver: chrome on WINDOWS (b92d26d22d312f4b3e830caba60a3bc4)] -> xpath: //h1[contains(text(),'HP LP3065')]]
2022-12-18 22:12:712 INFO  DesktopsPage :172 - Clicking on login link : [[ChromeDriver: chrome on WINDOWS (b92d26d22d312f4b3e830caba60a3bc4)] -> name: quantity]
2022-12-18 22:12:808 INFO  DesktopsPage :179 - Clicking on login link : [[ChromeDriver: chrome on WINDOWS (b92d26d22d312f4b3e830caba60a3bc4)] -> id: button-cart]
2022-12-18 22:12:180 INFO  DesktopsPage :187 - Clicking on login link : [[ChromeDriver: chrome on WINDOWS (b92d26d22d312f4b3e830caba60a3bc4)] -> css selector: body:nth-child(2) div.container:nth-child(4) > div.alert.alert-success.alert-dismissible]
2022-12-18 22:12:327 INFO  DesktopsPage :198 - Clicking on login link : [[ChromeDriver: chrome on WINDOWS (b92d26d22d312f4b3e830caba60a3bc4)] -> xpath: //a[contains(text(),'shopping cart')]]
2022-12-18 22:12:399 INFO  HomePage :59 - Clicking on register link : [[ChromeDriver: chrome on WINDOWS (cb0a310e680ed7e4ccb3ee30fd5e996f)] -> link text: Desktops]
2022-12-18 22:12:355 INFO  HomePage :64 - Clicking on register link : Proxy element for: DefaultElementLocator 'By.linkText: Show All Laptops & Notebooks'
2022-12-18 22:12:385 INFO  HomePage :69 - Clicking on register link : [[ChromeDriver: chrome on WINDOWS (cb0a310e680ed7e4ccb3ee30fd5e996f)] -> xpath: //h2[contains(text(),'Desktops')]]
2022-12-18 22:12:93 INFO  HomePage :59 - Clicking on register link : [[ChromeDriver: chrome on WINDOWS (a8427bc72ca6b217b6e6f2a1387b2690)] -> link text: Desktops]
2022-12-18 22:12:956 INFO  HomePage :64 - Clicking on register link : Proxy element for: DefaultElementLocator 'By.linkText: Show All Laptops & Notebooks'
2022-12-18 22:12:989 INFO  HomePage :69 - Clicking on register link : [[ChromeDriver: chrome on WINDOWS (a8427bc72ca6b217b6e6f2a1387b2690)] -> xpath: //h2[contains(text(),'Desktops')]]
2022-12-18 22:12:419 INFO  HomePage :75 - Clicking on register link : [[ChromeDriver: chrome on WINDOWS (e9804f4da41ed0ef9343d05b0045c226)] -> link text: Laptops & Notebooks]
2022-12-18 22:12:04 INFO  HomePage :80 - Clicking on register link : [[ChromeDriver: chrome on WINDOWS (e9804f4da41ed0ef9343d05b0045c226)] -> link text: Show All Laptops & Notebooks]
2022-12-18 22:12:49 INFO  HomePage :85 - Clicking on register link : [[ChromeDriver: chrome on WINDOWS (e9804f4da41ed0ef9343d05b0045c226)] -> xpath: //h2[text()='Laptops & Notebooks']]
2022-12-18 22:12:510 INFO  HomePage :91 - Clicking on register link : [[ChromeDriver: chrome on WINDOWS (e75f92ae70f4ca3fbd05b5ccdd32b005)] -> link text: Components]
2022-12-18 22:12:940 INFO  HomePage :98 - Clicking on register link : [[ChromeDriver: chrome on WINDOWS (e75f92ae70f4ca3fbd05b5ccdd32b005)] -> link text: Show All Components]
2022-12-18 22:12:973 INFO  HomePage :104 - Clicking on register link : [[ChromeDriver: chrome on WINDOWS (e75f92ae70f4ca3fbd05b5ccdd32b005)] -> xpath: //h2[contains(text(),'Components')]]
2022-12-18 22:12:350 INFO  HomePage :59 - Clicking on register link : [[ChromeDriver: chrome on WINDOWS (c915aacfd9b8f5eda72f03ca1ffaf03b)] -> link text: Desktops]
2022-12-18 22:12:269 INFO  HomePage :64 - Clicking on register link : Proxy element for: DefaultElementLocator 'By.linkText: Show All Laptops & Notebooks'
2022-12-18 22:12:319 INFO  HomePage :69 - Clicking on register link : [[ChromeDriver: chrome on WINDOWS (c915aacfd9b8f5eda72f03ca1ffaf03b)] -> xpath: //h2[contains(text(),'Desktops')]]
2022-12-19 20:12:269 INFO  HomePage :75 - Clicking on register link : [[ChromeDriver: chrome on WINDOWS (f7bc829c931cbfee30a9bc68d8973f7e)] -> link text: Laptops & Notebooks]
2022-12-19 20:12:994 INFO  HomePage :80 - Clicking on register link : [[ChromeDriver: chrome on WINDOWS (f7bc829c931cbfee30a9bc68d8973f7e)] -> link text: Show All Laptops & Notebooks]
2022-12-19 20:12:48 INFO  HomePage :85 - Clicking on register link : [[ChromeDriver: chrome on WINDOWS (f7bc829c931cbfee30a9bc68d8973f7e)] -> xpath: //h2[text()='Laptops & Notebooks']]
2022-12-19 20:12:559 INFO  HomePage :75 - Clicking on register link : [[ChromeDriver: chrome on WINDOWS (9d51c5f88c4f11f703a15bc9fede5255)] -> link text: Laptops & Notebooks]
2022-12-19 20:12:170 INFO  HomePage :80 - Clicking on register link : [[ChromeDriver: chrome on WINDOWS (9d51c5f88c4f11f703a15bc9fede5255)] -> link text: Show All Laptops & Notebooks]
2022-12-19 20:12:607 INFO  LaptopsAndNotebooksPage :236 - Clicking on register link : [[ChromeDriver: chrome on WINDOWS (9d51c5f88c4f11f703a15bc9fede5255)] -> xpath: //a[text()='MacBook']]
2022-12-19 20:12:661 INFO  LaptopsAndNotebooksPage :243 - Clicking on register link : [[ChromeDriver: chrome on WINDOWS (9d51c5f88c4f11f703a15bc9fede5255)] -> xpath: //h1[contains(text(),'MacBook')]]
2022-12-19 20:12:791 INFO  LaptopsAndNotebooksPage :252 - Clicking on register link : [[ChromeDriver: chrome on WINDOWS (9d51c5f88c4f11f703a15bc9fede5255)] -> id: button-cart]
2022-12-19 20:12:845 INFO  LaptopsAndNotebooksPage :243 - Clicking on register link : [[ChromeDriver: chrome on WINDOWS (9d51c5f88c4f11f703a15bc9fede5255)] -> xpath: //h1[contains(text(),'MacBook')]]
2022-12-19 20:12:398 INFO  LaptopsAndNotebooksPage :268 - Clicking on register link : [[ChromeDriver: chrome on WINDOWS (9d51c5f88c4f11f703a15bc9fede5255)] -> xpath: //a[contains(text(),'shopping cart')]]
2022-12-19 20:12:219 INFO  HomePage :75 - Clicking on register link : [[ChromeDriver: chrome on WINDOWS (dbf235d4d66bde4703ff25b0547847d5)] -> link text: Laptops & Notebooks]
2022-12-19 20:12:912 INFO  HomePage :80 - Clicking on register link : [[ChromeDriver: chrome on WINDOWS (dbf235d4d66bde4703ff25b0547847d5)] -> link text: Show All Laptops & Notebooks]
2022-12-19 20:12:256 INFO  HomePage :75 - Clicking on register link : [[ChromeDriver: chrome on WINDOWS (3f14205fdc8ee7149ec760e3c198e460)] -> link text: Laptops & Notebooks]
2022-12-19 20:12:875 INFO  HomePage :80 - Clicking on register link : [[ChromeDriver: chrome on WINDOWS (3f14205fdc8ee7149ec760e3c198e460)] -> link text: Show All Laptops & Notebooks]
2022-12-19 20:12:233 INFO  LaptopsAndNotebooksPage :236 - Clicking on register link : [[ChromeDriver: chrome on WINDOWS (3f14205fdc8ee7149ec760e3c198e460)] -> xpath: //a[text()='MacBook']]
2022-12-19 20:12:274 INFO  LaptopsAndNotebooksPage :243 - Clicking on register link : [[ChromeDriver: chrome on WINDOWS (3f14205fdc8ee7149ec760e3c198e460)] -> xpath: //h1[contains(text(),'MacBook')]]
2022-12-19 20:12:349 INFO  LaptopsAndNotebooksPage :252 - Clicking on register link : [[ChromeDriver: chrome on WINDOWS (3f14205fdc8ee7149ec760e3c198e460)] -> id: button-cart]
2022-12-19 20:12:401 INFO  LaptopsAndNotebooksPage :243 - Clicking on register link : [[ChromeDriver: chrome on WINDOWS (3f14205fdc8ee7149ec760e3c198e460)] -> xpath: //h1[contains(text(),'MacBook')]]
2022-12-19 20:12:955 INFO  LaptopsAndNotebooksPage :268 - Clicking on register link : [[ChromeDriver: chrome on WINDOWS (3f14205fdc8ee7149ec760e3c198e460)] -> xpath: //a[contains(text(),'shopping cart')]]
2022-12-19 20:12:898 INFO  HomePage :75 - Clicking on register link : [[ChromeDriver: chrome on WINDOWS (00c6a8d7b9b81349b939a0abd061595f)] -> link text: Laptops & Notebooks]
2022-12-19 20:12:517 INFO  HomePage :80 - Clicking on register link : [[ChromeDriver: chrome on WINDOWS (00c6a8d7b9b81349b939a0abd061595f)] -> link text: Show All Laptops & Notebooks]
2022-12-19 20:12:718 INFO  LaptopsAndNotebooksPage :236 - Clicking on register link : [[ChromeDriver: chrome on WINDOWS (00c6a8d7b9b81349b939a0abd061595f)] -> xpath: //a[text()='MacBook']]
2022-12-19 20:12:765 INFO  LaptopsAndNotebooksPage :243 - Clicking on register link : [[ChromeDriver: chrome on WINDOWS (00c6a8d7b9b81349b939a0abd061595f)] -> xpath: //h1[contains(text(),'MacBook')]]
2022-12-19 20:12:876 INFO  LaptopsAndNotebooksPage :252 - Clicking on register link : [[ChromeDriver: chrome on WINDOWS (00c6a8d7b9b81349b939a0abd061595f)] -> id: button-cart]
2022-12-19 20:12:927 INFO  LaptopsAndNotebooksPage :243 - Clicking on register link : [[ChromeDriver: chrome on WINDOWS (00c6a8d7b9b81349b939a0abd061595f)] -> xpath: //h1[contains(text(),'MacBook')]]
2022-12-19 20:12:507 INFO  LaptopsAndNotebooksPage :268 - Clicking on register link : [[ChromeDriver: chrome on WINDOWS (00c6a8d7b9b81349b939a0abd061595f)] -> xpath: //a[contains(text(),'shopping cart')]]
2022-12-19 20:12:768 INFO  HomePage :75 - Clicking on register link : [[ChromeDriver: chrome on WINDOWS (0fe8d9c0f6d9a4afc97cd3df88a24b64)] -> link text: Laptops & Notebooks]
2022-12-19 20:12:374 INFO  HomePage :80 - Clicking on register link : [[ChromeDriver: chrome on WINDOWS (0fe8d9c0f6d9a4afc97cd3df88a24b64)] -> link text: Show All Laptops & Notebooks]
2022-12-19 20:12:540 INFO  LaptopsAndNotebooksPage :236 - Clicking on register link : [[ChromeDriver: chrome on WINDOWS (0fe8d9c0f6d9a4afc97cd3df88a24b64)] -> xpath: //a[text()='MacBook']]
2022-12-19 20:12:598 INFO  LaptopsAndNotebooksPage :243 - Clicking on register link : [[ChromeDriver: chrome on WINDOWS (0fe8d9c0f6d9a4afc97cd3df88a24b64)] -> xpath: //h1[contains(text(),'MacBook')]]
2022-12-19 20:12:699 INFO  LaptopsAndNotebooksPage :252 - Clicking on register link : [[ChromeDriver: chrome on WINDOWS (0fe8d9c0f6d9a4afc97cd3df88a24b64)] -> id: button-cart]
2022-12-19 20:12:753 INFO  LaptopsAndNotebooksPage :243 - Clicking on register link : [[ChromeDriver: chrome on WINDOWS (0fe8d9c0f6d9a4afc97cd3df88a24b64)] -> xpath: //h1[contains(text(),'MacBook')]]
2022-12-19 20:12:307 INFO  LaptopsAndNotebooksPage :268 - Clicking on register link : [[ChromeDriver: chrome on WINDOWS (0fe8d9c0f6d9a4afc97cd3df88a24b64)] -> xpath: //a[contains(text(),'shopping cart')]]
2022-12-19 20:12:511 INFO  LaptopsAndNotebooksPage :293 - Clicking on register link : [[ChromeDriver: chrome on WINDOWS (0fe8d9c0f6d9a4afc97cd3df88a24b64)] -> xpath: //tbody/tr[1]/td[4]/div[1]/input[1]]
2022-12-19 20:12:72 INFO  LaptopsAndNotebooksPage :298 - Clicking on register link : [[ChromeDriver: chrome on WINDOWS (0fe8d9c0f6d9a4afc97cd3df88a24b64)] -> xpath: //tbody/tr[1]/td[4]/div[1]/span[1]/button[1]]
2022-12-19 20:12:127 INFO  LaptopsAndNotebooksPage :307 - Clicking on register link : [[ChromeDriver: chrome on WINDOWS (0fe8d9c0f6d9a4afc97cd3df88a24b64)] -> xpath: //tbody/tr[1]/td[6]]
2022-12-19 20:12:571 INFO  LaptopsAndNotebooksPage :314 - Clicking on register link : [[ChromeDriver: chrome on WINDOWS (0fe8d9c0f6d9a4afc97cd3df88a24b64)] -> xpath: //a[contains(text(),'Checkout')]]
2022-12-19 20:12:628 INFO  LaptopsAndNotebooksPage :320 - Clicking on register link : [[ChromeDriver: chrome on WINDOWS (0fe8d9c0f6d9a4afc97cd3df88a24b64)] -> xpath: //h1[contains(text(),'Checkout')]]
2022-12-19 20:12:901 INFO  LaptopsAndNotebooksPage :330 - Clicking on register link : [[ChromeDriver: chrome on WINDOWS (0fe8d9c0f6d9a4afc97cd3df88a24b64)] -> xpath: //body[1]/div[2]/div[1]/div[1]/div[1]/div[1]/div[2]/div[1]/div[1]/div[1]/div[2]/label[1]]
2022-12-19 20:12:02 INFO  LaptopsAndNotebooksPage :336 - Clicking on register link : [[ChromeDriver: chrome on WINDOWS (0fe8d9c0f6d9a4afc97cd3df88a24b64)] -> xpath: //input[@id='button-account']]
2022-12-19 20:12:397 INFO  LaptopsAndNotebooksPage :340 - Clicking on register link : [[ChromeDriver: chrome on WINDOWS (0fe8d9c0f6d9a4afc97cd3df88a24b64)] -> id: input-payment-firstname]
2022-12-19 20:12:561 INFO  LaptopsAndNotebooksPage :345 - Clicking on register link : [[ChromeDriver: chrome on WINDOWS (0fe8d9c0f6d9a4afc97cd3df88a24b64)] -> id: input-payment-lastname]
2022-12-19 20:12:717 INFO  LaptopsAndNotebooksPage :351 - Clicking on register link : [[ChromeDriver: chrome on WINDOWS (0fe8d9c0f6d9a4afc97cd3df88a24b64)] -> id: input-payment-email]
2022-12-19 20:12:817 INFO  LaptopsAndNotebooksPage :357 - Clicking on register link : [[ChromeDriver: chrome on WINDOWS (0fe8d9c0f6d9a4afc97cd3df88a24b64)] -> id: input-payment-telephone]
2022-12-19 20:12:917 INFO  LaptopsAndNotebooksPage :363 - Clicking on register link : [[ChromeDriver: chrome on WINDOWS (0fe8d9c0f6d9a4afc97cd3df88a24b64)] -> id: input-payment-address-1]
2022-12-19 20:12:28 INFO  LaptopsAndNotebooksPage :368 - Clicking on register link : [[ChromeDriver: chrome on WINDOWS (0fe8d9c0f6d9a4afc97cd3df88a24b64)] -> id: input-payment-city]
2022-12-19 20:12:126 INFO  LaptopsAndNotebooksPage :374 - Clicking on register link : [[ChromeDriver: chrome on WINDOWS (0fe8d9c0f6d9a4afc97cd3df88a24b64)] -> id: input-payment-postcode]
2022-12-19 20:12:273 INFO  LaptopsAndNotebooksPage :380 - Clicking on register link : [[ChromeDriver: chrome on WINDOWS (0fe8d9c0f6d9a4afc97cd3df88a24b64)] -> id: input-payment-country]
2022-12-19 20:12:456 INFO  LaptopsAndNotebooksPage :386 - Clicking on register link : [[ChromeDriver: chrome on WINDOWS (0fe8d9c0f6d9a4afc97cd3df88a24b64)] -> id: input-payment-zone]
2022-12-19 20:12:564 INFO  HomePage :75 - Clicking on register link : [[ChromeDriver: chrome on WINDOWS (2832dad4bbebc2945f8ec88e28f3b418)] -> link text: Laptops & Notebooks]
2022-12-19 20:12:199 INFO  HomePage :80 - Clicking on register link : [[ChromeDriver: chrome on WINDOWS (2832dad4bbebc2945f8ec88e28f3b418)] -> link text: Show All Laptops & Notebooks]
2022-12-19 20:12:359 INFO  LaptopsAndNotebooksPage :236 - Clicking on register link : [[ChromeDriver: chrome on WINDOWS (2832dad4bbebc2945f8ec88e28f3b418)] -> xpath: //a[text()='MacBook']]
2022-12-19 20:12:410 INFO  LaptopsAndNotebooksPage :243 - Clicking on register link : [[ChromeDriver: chrome on WINDOWS (2832dad4bbebc2945f8ec88e28f3b418)] -> xpath: //h1[contains(text(),'MacBook')]]
2022-12-19 20:12:515 INFO  LaptopsAndNotebooksPage :252 - Clicking on register link : [[ChromeDriver: chrome on WINDOWS (2832dad4bbebc2945f8ec88e28f3b418)] -> id: button-cart]
2022-12-19 20:12:568 INFO  LaptopsAndNotebooksPage :243 - Clicking on register link : [[ChromeDriver: chrome on WINDOWS (2832dad4bbebc2945f8ec88e28f3b418)] -> xpath: //h1[contains(text(),'MacBook')]]
2022-12-19 20:12:172 INFO  LaptopsAndNotebooksPage :268 - Clicking on register link : [[ChromeDriver: chrome on WINDOWS (2832dad4bbebc2945f8ec88e28f3b418)] -> xpath: //a[contains(text(),'shopping cart')]]
2022-12-19 20:12:362 INFO  LaptopsAndNotebooksPage :293 - Clicking on register link : [[ChromeDriver: chrome on WINDOWS (2832dad4bbebc2945f8ec88e28f3b418)] -> xpath: //tbody/tr[1]/td[4]/div[1]/input[1]]
2022-12-19 20:12:958 INFO  LaptopsAndNotebooksPage :298 - Clicking on register link : [[ChromeDriver: chrome on WINDOWS (2832dad4bbebc2945f8ec88e28f3b418)] -> xpath: //tbody/tr[1]/td[4]/div[1]/span[1]/button[1]]
2022-12-19 20:12:18 INFO  LaptopsAndNotebooksPage :307 - Clicking on register link : [[ChromeDriver: chrome on WINDOWS (2832dad4bbebc2945f8ec88e28f3b418)] -> xpath: //tbody/tr[1]/td[6]]
2022-12-19 20:12:408 INFO  LaptopsAndNotebooksPage :314 - Clicking on register link : [[ChromeDriver: chrome on WINDOWS (2832dad4bbebc2945f8ec88e28f3b418)] -> xpath: //a[contains(text(),'Checkout')]]
2022-12-19 20:12:463 INFO  LaptopsAndNotebooksPage :320 - Clicking on register link : [[ChromeDriver: chrome on WINDOWS (2832dad4bbebc2945f8ec88e28f3b418)] -> xpath: //h1[contains(text(),'Checkout')]]
2022-12-19 20:12:734 INFO  LaptopsAndNotebooksPage :330 - Clicking on register link : [[ChromeDriver: chrome on WINDOWS (2832dad4bbebc2945f8ec88e28f3b418)] -> xpath: //body[1]/div[2]/div[1]/div[1]/div[1]/div[1]/div[2]/div[1]/div[1]/div[1]/div[2]/label[1]]
2022-12-19 20:12:816 INFO  LaptopsAndNotebooksPage :336 - Clicking on register link : [[ChromeDriver: chrome on WINDOWS (2832dad4bbebc2945f8ec88e28f3b418)] -> xpath: //input[@id='button-account']]
2022-12-19 20:12:154 INFO  LaptopsAndNotebooksPage :340 - Clicking on register link : [[ChromeDriver: chrome on WINDOWS (2832dad4bbebc2945f8ec88e28f3b418)] -> id: input-payment-firstname]
2022-12-19 20:12:311 INFO  LaptopsAndNotebooksPage :345 - Clicking on register link : [[ChromeDriver: chrome on WINDOWS (2832dad4bbebc2945f8ec88e28f3b418)] -> id: input-payment-lastname]
2022-12-19 20:12:463 INFO  LaptopsAndNotebooksPage :351 - Clicking on register link : [[ChromeDriver: chrome on WINDOWS (2832dad4bbebc2945f8ec88e28f3b418)] -> id: input-payment-email]
2022-12-19 20:12:568 INFO  LaptopsAndNotebooksPage :357 - Clicking on register link : [[ChromeDriver: chrome on WINDOWS (2832dad4bbebc2945f8ec88e28f3b418)] -> id: input-payment-telephone]
2022-12-19 20:12:683 INFO  LaptopsAndNotebooksPage :363 - Clicking on register link : [[ChromeDriver: chrome on WINDOWS (2832dad4bbebc2945f8ec88e28f3b418)] -> id: input-payment-address-1]
2022-12-19 20:12:793 INFO  LaptopsAndNotebooksPage :368 - Clicking on register link : [[ChromeDriver: chrome on WINDOWS (2832dad4bbebc2945f8ec88e28f3b418)] -> id: input-payment-city]
2022-12-19 20:12:896 INFO  LaptopsAndNotebooksPage :374 - Clicking on register link : [[ChromeDriver: chrome on WINDOWS (2832dad4bbebc2945f8ec88e28f3b418)] -> id: input-payment-postcode]
2022-12-19 20:12:39 INFO  LaptopsAndNotebooksPage :380 - Clicking on register link : [[ChromeDriver: chrome on WINDOWS (2832dad4bbebc2945f8ec88e28f3b418)] -> id: input-payment-country]
2022-12-19 20:12:209 INFO  LaptopsAndNotebooksPage :386 - Clicking on register link : [[ChromeDriver: chrome on WINDOWS (2832dad4bbebc2945f8ec88e28f3b418)] -> id: input-payment-zone]
2022-12-19 20:12:300 INFO  LaptopsAndNotebooksPage :392 - Clicking on register link : [[ChromeDriver: chrome on WINDOWS (2832dad4bbebc2945f8ec88e28f3b418)] -> id: button-guest]
2022-12-19 20:12:289 INFO  LaptopsAndNotebooksPage :397 - Clicking on register link : [[ChromeDriver: chrome on WINDOWS (2832dad4bbebc2945f8ec88e28f3b418)] -> name: comment]
2022-12-19 20:12:393 INFO  LaptopsAndNotebooksPage :403 - Clicking on register link : [[ChromeDriver: chrome on WINDOWS (2832dad4bbebc2945f8ec88e28f3b418)] -> name: agree]
2022-12-19 20:12:559 INFO  LaptopsAndNotebooksPage :410 - Clicking on register link : [[ChromeDriver: chrome on WINDOWS (2832dad4bbebc2945f8ec88e28f3b418)] -> id: button-payment-method]
2022-12-19 20:12:813 INFO  LaptopsAndNotebooksPage :416 - Clicking on register link : [[ChromeDriver: chrome on WINDOWS (2832dad4bbebc2945f8ec88e28f3b418)] -> xpath: //div[@class='alert alert-danger alert-dismissible']]
2022-12-19 20:12:442 INFO  HomePage :75 - Clicking on register link : [[ChromeDriver: chrome on WINDOWS (3d7e5e7218c35c54e73ba7038c4a0975)] -> link text: Laptops & Notebooks]
2022-12-19 20:12:137 INFO  HomePage :80 - Clicking on register link : [[ChromeDriver: chrome on WINDOWS (3d7e5e7218c35c54e73ba7038c4a0975)] -> link text: Show All Laptops & Notebooks]
2022-12-19 20:12:712 INFO  LaptopsAndNotebooksPage :236 - Clicking on register link : [[ChromeDriver: chrome on WINDOWS (3d7e5e7218c35c54e73ba7038c4a0975)] -> xpath: //a[text()='MacBook']]
2022-12-19 20:12:770 INFO  LaptopsAndNotebooksPage :243 - Clicking on register link : [[ChromeDriver: chrome on WINDOWS (3d7e5e7218c35c54e73ba7038c4a0975)] -> xpath: //h1[contains(text(),'MacBook')]]
2022-12-19 20:12:880 INFO  LaptopsAndNotebooksPage :252 - Clicking on register link : [[ChromeDriver: chrome on WINDOWS (3d7e5e7218c35c54e73ba7038c4a0975)] -> id: button-cart]
2022-12-19 20:12:929 INFO  LaptopsAndNotebooksPage :243 - Clicking on register link : [[ChromeDriver: chrome on WINDOWS (3d7e5e7218c35c54e73ba7038c4a0975)] -> xpath: //h1[contains(text(),'MacBook')]]
2022-12-19 20:12:570 INFO  LaptopsAndNotebooksPage :268 - Clicking on register link : [[ChromeDriver: chrome on WINDOWS (3d7e5e7218c35c54e73ba7038c4a0975)] -> xpath: //a[contains(text(),'shopping cart')]]
2022-12-19 20:12:767 INFO  LaptopsAndNotebooksPage :293 - Clicking on register link : [[ChromeDriver: chrome on WINDOWS (3d7e5e7218c35c54e73ba7038c4a0975)] -> xpath: //tbody/tr[1]/td[4]/div[1]/input[1]]
2022-12-19 20:12:365 INFO  LaptopsAndNotebooksPage :298 - Clicking on register link : [[ChromeDriver: chrome on WINDOWS (3d7e5e7218c35c54e73ba7038c4a0975)] -> xpath: //tbody/tr[1]/td[4]/div[1]/span[1]/button[1]]
2022-12-19 20:12:425 INFO  LaptopsAndNotebooksPage :307 - Clicking on register link : [[ChromeDriver: chrome on WINDOWS (3d7e5e7218c35c54e73ba7038c4a0975)] -> xpath: //tbody/tr[1]/td[6]]
2022-12-19 20:12:828 INFO  LaptopsAndNotebooksPage :314 - Clicking on register link : [[ChromeDriver: chrome on WINDOWS (3d7e5e7218c35c54e73ba7038c4a0975)] -> xpath: //a[contains(text(),'Checkout')]]
2022-12-19 20:12:888 INFO  LaptopsAndNotebooksPage :320 - Clicking on register link : [[ChromeDriver: chrome on WINDOWS (3d7e5e7218c35c54e73ba7038c4a0975)] -> xpath: //h1[contains(text(),'Checkout')]]
2022-12-19 20:12:112 INFO  LaptopsAndNotebooksPage :330 - Clicking on register link : [[ChromeDriver: chrome on WINDOWS (3d7e5e7218c35c54e73ba7038c4a0975)] -> xpath: //body[1]/div[2]/div[1]/div[1]/div[1]/div[1]/div[2]/div[1]/div[1]/div[1]/div[2]/label[1]]
2022-12-19 20:12:204 INFO  LaptopsAndNotebooksPage :336 - Clicking on register link : [[ChromeDriver: chrome on WINDOWS (3d7e5e7218c35c54e73ba7038c4a0975)] -> xpath: //input[@id='button-account']]
2022-12-19 20:12:541 INFO  LaptopsAndNotebooksPage :340 - Clicking on register link : [[ChromeDriver: chrome on WINDOWS (3d7e5e7218c35c54e73ba7038c4a0975)] -> id: input-payment-firstname]
2022-12-19 20:12:710 INFO  LaptopsAndNotebooksPage :345 - Clicking on register link : [[ChromeDriver: chrome on WINDOWS (3d7e5e7218c35c54e73ba7038c4a0975)] -> id: input-payment-lastname]
2022-12-19 20:12:858 INFO  LaptopsAndNotebooksPage :351 - Clicking on register link : [[ChromeDriver: chrome on WINDOWS (3d7e5e7218c35c54e73ba7038c4a0975)] -> id: input-payment-email]
2022-12-19 20:12:970 INFO  LaptopsAndNotebooksPage :357 - Clicking on register link : [[ChromeDriver: chrome on WINDOWS (3d7e5e7218c35c54e73ba7038c4a0975)] -> id: input-payment-telephone]
2022-12-19 20:12:88 INFO  LaptopsAndNotebooksPage :363 - Clicking on register link : [[ChromeDriver: chrome on WINDOWS (3d7e5e7218c35c54e73ba7038c4a0975)] -> id: input-payment-address-1]
2022-12-19 20:12:203 INFO  LaptopsAndNotebooksPage :368 - Clicking on register link : [[ChromeDriver: chrome on WINDOWS (3d7e5e7218c35c54e73ba7038c4a0975)] -> id: input-payment-city]
2022-12-19 20:12:322 INFO  LaptopsAndNotebooksPage :374 - Clicking on register link : [[ChromeDriver: chrome on WINDOWS (3d7e5e7218c35c54e73ba7038c4a0975)] -> id: input-payment-postcode]
2022-12-19 20:12:484 INFO  LaptopsAndNotebooksPage :380 - Clicking on register link : [[ChromeDriver: chrome on WINDOWS (3d7e5e7218c35c54e73ba7038c4a0975)] -> id: input-payment-country]
2022-12-19 20:12:639 INFO  LaptopsAndNotebooksPage :386 - Clicking on register link : [[ChromeDriver: chrome on WINDOWS (3d7e5e7218c35c54e73ba7038c4a0975)] -> id: input-payment-zone]
2022-12-19 20:12:747 INFO  LaptopsAndNotebooksPage :392 - Clicking on register link : [[ChromeDriver: chrome on WINDOWS (3d7e5e7218c35c54e73ba7038c4a0975)] -> id: button-guest]
2022-12-19 20:12:881 INFO  LaptopsAndNotebooksPage :397 - Clicking on register link : [[ChromeDriver: chrome on WINDOWS (3d7e5e7218c35c54e73ba7038c4a0975)] -> name: comment]
2022-12-19 20:12:00 INFO  LaptopsAndNotebooksPage :403 - Clicking on register link : [[ChromeDriver: chrome on WINDOWS (3d7e5e7218c35c54e73ba7038c4a0975)] -> name: agree]
2022-12-19 20:12:129 INFO  LaptopsAndNotebooksPage :410 - Clicking on register link : [[ChromeDriver: chrome on WINDOWS (3d7e5e7218c35c54e73ba7038c4a0975)] -> id: button-payment-method]
2022-12-19 20:12:816 INFO  LaptopsAndNotebooksPage :416 - Clicking on register link : [[ChromeDriver: chrome on WINDOWS (3d7e5e7218c35c54e73ba7038c4a0975)] -> xpath: //div[@class='alert alert-danger alert-dismissible']]
2022-12-20 15:12:376 INFO  MyAccountPage :159 - Clicking on register link : [[ChromeDriver: chrome on WINDOWS (6bbb47de1432d759c0216de93f71b0ac)] -> xpath: //span[contains(text(),'My Account')]]
2022-12-20 15:12:124 INFO  MyAccountPage :164 - Clicking on register link : [[ChromeDriver: chrome on WINDOWS (6bbb47de1432d759c0216de93f71b0ac)] -> xpath: //a[contains(text(),'Register')]]
2022-12-20 15:12:802 INFO  MyAccountPage :159 - Clicking on register link : [[ChromeDriver: chrome on WINDOWS (6f6b11196890432647244c50a4af5eff)] -> xpath: //span[contains(text(),'My Account')]]
2022-12-20 15:12:276 INFO  MyAccountPage :177 - Clicking on register link : [[ChromeDriver: chrome on WINDOWS (6f6b11196890432647244c50a4af5eff)] -> xpath: //a[contains(text(),'Login')]]
2022-12-20 15:12:356 INFO  MyAccountPage :183 - Clicking on register link : [[ChromeDriver: chrome on WINDOWS (6f6b11196890432647244c50a4af5eff)] -> xpath: //h2[contains(text(),'Returning Customer')]]
2022-12-20 15:12:320 INFO  MyAccountPage :159 - Clicking on register link : [[ChromeDriver: chrome on WINDOWS (bdff2432e086c79135827d16f928b809)] -> xpath: //span[contains(text(),'My Account')]]
2022-12-20 15:12:49 INFO  MyAccountPage :164 - Clicking on register link : [[ChromeDriver: chrome on WINDOWS (bdff2432e086c79135827d16f928b809)] -> xpath: //a[contains(text(),'Register')]]
2022-12-20 15:12:182 INFO  MyAccountPage :190 - Clicking on register link : [[ChromeDriver: chrome on WINDOWS (bdff2432e086c79135827d16f928b809)] -> id: input-firstname]
2022-12-20 15:12:310 INFO  MyAccountPage :197 - Clicking on register link : [[ChromeDriver: chrome on WINDOWS (bdff2432e086c79135827d16f928b809)] -> id: input-lastname]
2022-12-20 15:12:476 INFO  MyAccountPage :203 - Clicking on register link : By.id: input-email
2022-12-20 15:12:608 INFO  MyAccountPage :210 - Clicking on register link : [[ChromeDriver: chrome on WINDOWS (bdff2432e086c79135827d16f928b809)] -> id: input-telephone]
2022-12-20 15:12:733 INFO  MyAccountPage :217 - Clicking on register link : [[ChromeDriver: chrome on WINDOWS (bdff2432e086c79135827d16f928b809)] -> id: input-password]
2022-12-20 15:12:924 INFO  MyAccountPage :224 - Clicking on register link : [[ChromeDriver: chrome on WINDOWS (bdff2432e086c79135827d16f928b809)] -> id: input-confirm]
2022-12-20 15:12:14 INFO  MyAccountPage :229 - Clicking on register link : [[ChromeDriver: chrome on WINDOWS (bdff2432e086c79135827d16f928b809)] -> xpath: //body/div[@id='account-register']/div[1]/div[1]/form[1]/fieldset[3]/div[1]/div[1]/label[1]/input[1]]
2022-12-20 15:12:110 INFO  MyAccountPage :235 - Clicking on register link : [[ChromeDriver: chrome on WINDOWS (bdff2432e086c79135827d16f928b809)] -> xpath: //body/div[@id='account-register']/div[1]/div[1]/form[1]/div[1]/div[1]/input[1]]
2022-12-20 15:12:620 INFO  MyAccountPage :240 - Clicking on register link : [[ChromeDriver: chrome on WINDOWS (bdff2432e086c79135827d16f928b809)] -> xpath: //body/div[@id='account-register']/div[1]/div[1]/form[1]/div[1]/div[1]/input[2]]
2022-12-20 15:12:805 INFO  MyAccountPage :159 - Clicking on register link : [[ChromeDriver: chrome on WINDOWS (815ef30a3a16e6e9b9d555e672046056)] -> xpath: //span[contains(text(),'My Account')]]
2022-12-20 15:12:330 INFO  MyAccountPage :177 - Clicking on register link : [[ChromeDriver: chrome on WINDOWS (815ef30a3a16e6e9b9d555e672046056)] -> xpath: //a[contains(text(),'Login')]]
2022-12-20 15:12:386 INFO  MyAccountPage :159 - Clicking on register link : [[ChromeDriver: chrome on WINDOWS (6bddda5a76c4c9e46b8da1f13e100ce4)] -> xpath: //span[contains(text(),'My Account')]]
2022-12-20 15:12:136 INFO  MyAccountPage :164 - Clicking on register link : [[ChromeDriver: chrome on WINDOWS (6bddda5a76c4c9e46b8da1f13e100ce4)] -> xpath: //a[contains(text(),'Register')]]
2022-12-20 15:12:821 INFO  MyAccountPage :159 - Clicking on register link : [[ChromeDriver: chrome on WINDOWS (6af891bc1ebf894f34971b9745b10a8d)] -> xpath: //span[contains(text(),'My Account')]]
2022-12-20 15:12:373 INFO  MyAccountPage :177 - Clicking on register link : [[ChromeDriver: chrome on WINDOWS (6af891bc1ebf894f34971b9745b10a8d)] -> xpath: //a[contains(text(),'Login')]]
2022-12-20 15:12:457 INFO  MyAccountPage :183 - Clicking on register link : [[ChromeDriver: chrome on WINDOWS (6af891bc1ebf894f34971b9745b10a8d)] -> xpath: //h2[contains(text(),'Returning Customer')]]
2022-12-20 15:12:907 INFO  MyAccountPage :159 - Clicking on register link : [[ChromeDriver: chrome on WINDOWS (6387af650d7a164fdee1f10afba47e3f)] -> xpath: //span[contains(text(),'My Account')]]
2022-12-20 15:12:755 INFO  MyAccountPage :164 - Clicking on register link : [[ChromeDriver: chrome on WINDOWS (6387af650d7a164fdee1f10afba47e3f)] -> xpath: //a[contains(text(),'Register')]]
2022-12-20 15:12:895 INFO  MyAccountPage :190 - Clicking on register link : [[ChromeDriver: chrome on WINDOWS (6387af650d7a164fdee1f10afba47e3f)] -> id: input-firstname]
2022-12-20 15:12:21 INFO  MyAccountPage :197 - Clicking on register link : [[ChromeDriver: chrome on WINDOWS (6387af650d7a164fdee1f10afba47e3f)] -> id: input-lastname]
2022-12-20 15:12:162 INFO  MyAccountPage :203 - Clicking on register link : By.id: input-email
2022-12-20 15:12:294 INFO  MyAccountPage :210 - Clicking on register link : [[ChromeDriver: chrome on WINDOWS (6387af650d7a164fdee1f10afba47e3f)] -> id: input-telephone]
2022-12-20 15:12:414 INFO  MyAccountPage :217 - Clicking on register link : [[ChromeDriver: chrome on WINDOWS (6387af650d7a164fdee1f10afba47e3f)] -> id: input-password]
2022-12-20 15:12:569 INFO  MyAccountPage :224 - Clicking on register link : [[ChromeDriver: chrome on WINDOWS (6387af650d7a164fdee1f10afba47e3f)] -> id: input-confirm]
2022-12-20 15:12:689 INFO  MyAccountPage :229 - Clicking on register link : [[ChromeDriver: chrome on WINDOWS (6387af650d7a164fdee1f10afba47e3f)] -> xpath: //body/div[@id='account-register']/div[1]/div[1]/form[1]/fieldset[3]/div[1]/div[1]/label[1]/input[1]]
2022-12-20 15:12:777 INFO  MyAccountPage :235 - Clicking on register link : [[ChromeDriver: chrome on WINDOWS (6387af650d7a164fdee1f10afba47e3f)] -> xpath: //body/div[@id='account-register']/div[1]/div[1]/form[1]/div[1]/div[1]/input[1]]
2022-12-20 15:12:239 INFO  MyAccountPage :240 - Clicking on register link : [[ChromeDriver: chrome on WINDOWS (6387af650d7a164fdee1f10afba47e3f)] -> xpath: //body/div[@id='account-register']/div[1]/div[1]/form[1]/div[1]/div[1]/input[2]]
2022-12-20 15:12:742 INFO  MyAccountPage :159 - Clicking on register link : [[ChromeDriver: chrome on WINDOWS (b7d47e0a22ea294695be5b33572bdfdb)] -> xpath: //span[contains(text(),'My Account')]]
2022-12-20 15:12:164 INFO  MyAccountPage :177 - Clicking on register link : [[ChromeDriver: chrome on WINDOWS (b7d47e0a22ea294695be5b33572bdfdb)] -> xpath: //a[contains(text(),'Login')]]
2022-12-20 16:12:485 INFO  MyAccountPage :159 - Clicking on register link : [[ChromeDriver: chrome on WINDOWS (78e637850bf7b6cfa7939650b9e8ac4a)] -> xpath: //span[contains(text(),'My Account')]]
2022-12-20 16:12:220 INFO  MyAccountPage :164 - Clicking on register link : [[ChromeDriver: chrome on WINDOWS (78e637850bf7b6cfa7939650b9e8ac4a)] -> xpath: //a[contains(text(),'Register')]]
2022-12-20 16:12:924 INFO  MyAccountPage :159 - Clicking on register link : [[ChromeDriver: chrome on WINDOWS (a74489945e45c9630fb46fcc9a78acc3)] -> xpath: //span[contains(text(),'My Account')]]
2022-12-20 16:12:338 INFO  MyAccountPage :177 - Clicking on register link : [[ChromeDriver: chrome on WINDOWS (a74489945e45c9630fb46fcc9a78acc3)] -> xpath: //a[contains(text(),'Login')]]
2022-12-20 16:12:420 INFO  MyAccountPage :183 - Clicking on register link : [[ChromeDriver: chrome on WINDOWS (a74489945e45c9630fb46fcc9a78acc3)] -> xpath: //h2[contains(text(),'Returning Customer')]]
2022-12-20 16:12:255 INFO  MyAccountPage :159 - Clicking on register link : [[ChromeDriver: chrome on WINDOWS (48daa7132bcaa5538b14a4bd5007e02c)] -> xpath: //span[contains(text(),'My Account')]]
2022-12-20 16:12:66 INFO  MyAccountPage :164 - Clicking on register link : [[ChromeDriver: chrome on WINDOWS (48daa7132bcaa5538b14a4bd5007e02c)] -> xpath: //a[contains(text(),'Register')]]
2022-12-20 16:12:234 INFO  MyAccountPage :190 - Clicking on register link : [[ChromeDriver: chrome on WINDOWS (48daa7132bcaa5538b14a4bd5007e02c)] -> id: input-firstname]
2022-12-20 16:12:377 INFO  MyAccountPage :197 - Clicking on register link : [[ChromeDriver: chrome on WINDOWS (48daa7132bcaa5538b14a4bd5007e02c)] -> id: input-lastname]
2022-12-20 16:12:522 INFO  MyAccountPage :203 - Clicking on register link : By.id: input-email
2022-12-20 16:12:643 INFO  MyAccountPage :210 - Clicking on register link : [[ChromeDriver: chrome on WINDOWS (48daa7132bcaa5538b14a4bd5007e02c)] -> id: input-telephone]
2022-12-20 16:12:790 INFO  MyAccountPage :217 - Clicking on register link : [[ChromeDriver: chrome on WINDOWS (48daa7132bcaa5538b14a4bd5007e02c)] -> id: input-password]
2022-12-20 16:12:927 INFO  MyAccountPage :224 - Clicking on register link : [[ChromeDriver: chrome on WINDOWS (48daa7132bcaa5538b14a4bd5007e02c)] -> id: input-confirm]
2022-12-20 16:12:21 INFO  MyAccountPage :229 - Clicking on register link : [[ChromeDriver: chrome on WINDOWS (48daa7132bcaa5538b14a4bd5007e02c)] -> xpath: //body/div[@id='account-register']/div[1]/div[1]/form[1]/fieldset[3]/div[1]/div[1]/label[1]/input[1]]
2022-12-20 16:12:122 INFO  MyAccountPage :235 - Clicking on register link : [[ChromeDriver: chrome on WINDOWS (48daa7132bcaa5538b14a4bd5007e02c)] -> xpath: //body/div[@id='account-register']/div[1]/div[1]/form[1]/div[1]/div[1]/input[1]]
2022-12-20 16:12:711 INFO  MyAccountPage :240 - Clicking on register link : [[ChromeDriver: chrome on WINDOWS (48daa7132bcaa5538b14a4bd5007e02c)] -> xpath: //body/div[@id='account-register']/div[1]/div[1]/form[1]/div[1]/div[1]/input[2]]
2022-12-20 16:12:790 INFO  MyAccountPage :246 - Clicking on register link : [[ChromeDriver: chrome on WINDOWS (48daa7132bcaa5538b14a4bd5007e02c)] -> xpath: //h1[contains(text(),'Your Account Has Been Created!')]]
2022-12-20 16:12:167 INFO  MyAccountPage :254 - Clicking on register link : [[ChromeDriver: chrome on WINDOWS (48daa7132bcaa5538b14a4bd5007e02c)] -> xpath: //a[contains(text(),'Continue')]]
2022-12-20 16:12:534 INFO  MyAccountPage :260 - Clicking on register link : [[ChromeDriver: chrome on WINDOWS (48daa7132bcaa5538b14a4bd5007e02c)] -> xpath: //body/div[@id='account-account']/div[1]/aside[1]/div[1]/a[1]]
2022-12-20 16:12:126 INFO  MyAccountPage :266 - Clicking on register link : [[ChromeDriver: chrome on WINDOWS (48daa7132bcaa5538b14a4bd5007e02c)] -> xpath: //a[contains(text(),'Login')]]
2022-12-20 16:12:180 INFO  MyAccountPage :272 - Clicking on register link : [[ChromeDriver: chrome on WINDOWS (48daa7132bcaa5538b14a4bd5007e02c)] -> xpath: //h1[contains(text(),'Account Logout')]]
2022-12-20 16:12:635 INFO  MyAccountPage :279 - Clicking on register link : [[ChromeDriver: chrome on WINDOWS (48daa7132bcaa5538b14a4bd5007e02c)] -> xpath: //a[contains(text(),'Continue')]]
2022-12-20 16:12:347 INFO  MyAccountPage :159 - Clicking on register link : [[ChromeDriver: chrome on WINDOWS (efb3550dfc9832c49ae719f54a0b34aa)] -> xpath: //span[contains(text(),'My Account')]]
2022-12-20 16:12:807 INFO  MyAccountPage :177 - Clicking on register link : [[ChromeDriver: chrome on WINDOWS (efb3550dfc9832c49ae719f54a0b34aa)] -> xpath: //a[contains(text(),'Login')]]
2022-12-20 16:12:621 INFO  MyAccountPage :160 - Clicking on register link : [[ChromeDriver: chrome on WINDOWS (9240dd8f675be6e32216ca0781970a87)] -> xpath: //span[contains(text(),'My Account')]]
2022-12-20 16:12:217 INFO  MyAccountPage :166 - Clicking on register link : [[ChromeDriver: chrome on WINDOWS (9240dd8f675be6e32216ca0781970a87)] -> xpath: //a[contains(text(),'Register')]]
2022-12-20 16:12:840 INFO  MyAccountPage :160 - Clicking on register link : [[ChromeDriver: chrome on WINDOWS (bf2c1be673b56aeec52aae30643830f9)] -> xpath: //span[contains(text(),'My Account')]]
2022-12-20 16:12:339 INFO  MyAccountPage :181 - Clicking on register link : [[ChromeDriver: chrome on WINDOWS (bf2c1be673b56aeec52aae30643830f9)] -> xpath: //a[contains(text(),'Login')]]
2022-12-20 16:12:429 INFO  MyAccountPage :188 - Clicking on register link : [[ChromeDriver: chrome on WINDOWS (bf2c1be673b56aeec52aae30643830f9)] -> xpath: //h2[contains(text(),'Returning Customer')]]
2022-12-20 16:12:252 INFO  MyAccountPage :160 - Clicking on register link : [[ChromeDriver: chrome on WINDOWS (4449cdb40923843b458540dc3d6c6037)] -> xpath: //span[contains(text(),'My Account')]]
2022-12-20 16:12:957 INFO  MyAccountPage :166 - Clicking on register link : [[ChromeDriver: chrome on WINDOWS (4449cdb40923843b458540dc3d6c6037)] -> xpath: //a[contains(text(),'Register')]]
2022-12-20 16:12:95 INFO  MyAccountPage :196 - Clicking on register link : [[ChromeDriver: chrome on WINDOWS (4449cdb40923843b458540dc3d6c6037)] -> id: input-firstname]
2022-12-20 16:12:208 INFO  MyAccountPage :204 - Clicking on register link : [[ChromeDriver: chrome on WINDOWS (4449cdb40923843b458540dc3d6c6037)] -> id: input-lastname]
2022-12-20 16:12:366 INFO  MyAccountPage :211 - Clicking on register link : By.id: input-email
2022-12-20 16:12:502 INFO  MyAccountPage :219 - Clicking on register link : [[ChromeDriver: chrome on WINDOWS (4449cdb40923843b458540dc3d6c6037)] -> id: input-telephone]
2022-12-20 16:12:633 INFO  MyAccountPage :227 - Clicking on register link : [[ChromeDriver: chrome on WINDOWS (4449cdb40923843b458540dc3d6c6037)] -> id: input-password]
2022-12-20 16:12:778 INFO  MyAccountPage :235 - Clicking on register link : [[ChromeDriver: chrome on WINDOWS (4449cdb40923843b458540dc3d6c6037)] -> id: input-confirm]
2022-12-20 16:12:884 INFO  MyAccountPage :241 - Clicking on register link : [[ChromeDriver: chrome on WINDOWS (4449cdb40923843b458540dc3d6c6037)] -> xpath: //body/div[@id='account-register']/div[1]/div[1]/form[1]/fieldset[3]/div[1]/div[1]/label[1]/input[1]]
2022-12-20 16:12:981 INFO  MyAccountPage :247 - Clicking on register link : [[ChromeDriver: chrome on WINDOWS (4449cdb40923843b458540dc3d6c6037)] -> xpath: //body/div[@id='account-register']/div[1]/div[1]/form[1]/div[1]/div[1]/input[1]]
2022-12-20 16:12:444 INFO  MyAccountPage :253 - Clicking on register link : [[ChromeDriver: chrome on WINDOWS (4449cdb40923843b458540dc3d6c6037)] -> xpath: //body/div[@id='account-register']/div[1]/div[1]/form[1]/div[1]/div[1]/input[2]]
2022-12-20 16:12:416 INFO  MyAccountPage :160 - Clicking on register link : [[ChromeDriver: chrome on WINDOWS (bae487cc699496f8acbb817bb291791f)] -> xpath: //span[contains(text(),'My Account')]]
2022-12-20 16:12:850 INFO  MyAccountPage :181 - Clicking on register link : [[ChromeDriver: chrome on WINDOWS (bae487cc699496f8acbb817bb291791f)] -> xpath: //a[contains(text(),'Login')]]
2022-12-20 16:12:146 INFO  MyAccountPage :323 - Clicking on register link : [[ChromeDriver: chrome on WINDOWS (bae487cc699496f8acbb817bb291791f)] -> id: input-password]
2022-12-20 16:12:526 INFO  MyAccountPage :160 - Clicking on register link : [[ChromeDriver: chrome on WINDOWS (e9602d7ad96def898a229aa4b74094c2)] -> xpath: //span[contains(text(),'My Account')]]
2022-12-20 16:12:420 INFO  MyAccountPage :166 - Clicking on register link : [[ChromeDriver: chrome on WINDOWS (e9602d7ad96def898a229aa4b74094c2)] -> xpath: //a[contains(text(),'Register')]]
2022-12-20 16:12:98 INFO  MyAccountPage :160 - Clicking on register link : [[ChromeDriver: chrome on WINDOWS (be6d090ee5e50435f566da783798e362)] -> xpath: //span[contains(text(),'My Account')]]
2022-12-20 16:12:582 INFO  MyAccountPage :181 - Clicking on register link : [[ChromeDriver: chrome on WINDOWS (be6d090ee5e50435f566da783798e362)] -> xpath: //a[contains(text(),'Login')]]
2022-12-20 16:12:674 INFO  MyAccountPage :188 - Clicking on register link : [[ChromeDriver: chrome on WINDOWS (be6d090ee5e50435f566da783798e362)] -> xpath: //h2[contains(text(),'Returning Customer')]]
2022-12-20 16:12:208 INFO  MyAccountPage :160 - Clicking on register link : [[ChromeDriver: chrome on WINDOWS (8d8169069267c8e38ac735090738cbdb)] -> xpath: //span[contains(text(),'My Account')]]
2022-12-20 16:12:921 INFO  MyAccountPage :166 - Clicking on register link : [[ChromeDriver: chrome on WINDOWS (8d8169069267c8e38ac735090738cbdb)] -> xpath: //a[contains(text(),'Register')]]
2022-12-20 16:12:68 INFO  MyAccountPage :196 - Clicking on register link : [[ChromeDriver: chrome on WINDOWS (8d8169069267c8e38ac735090738cbdb)] -> id: input-firstname]
2022-12-20 16:12:194 INFO  MyAccountPage :204 - Clicking on register link : [[ChromeDriver: chrome on WINDOWS (8d8169069267c8e38ac735090738cbdb)] -> id: input-lastname]
2022-12-20 16:12:361 INFO  MyAccountPage :211 - Clicking on register link : By.id: input-email
2022-12-20 16:12:502 INFO  MyAccountPage :219 - Clicking on register link : [[ChromeDriver: chrome on WINDOWS (8d8169069267c8e38ac735090738cbdb)] -> id: input-telephone]
2022-12-20 16:12:651 INFO  MyAccountPage :227 - Clicking on register link : [[ChromeDriver: chrome on WINDOWS (8d8169069267c8e38ac735090738cbdb)] -> id: input-password]
2022-12-20 16:12:816 INFO  MyAccountPage :235 - Clicking on register link : [[ChromeDriver: chrome on WINDOWS (8d8169069267c8e38ac735090738cbdb)] -> id: input-confirm]
2022-12-20 16:12:923 INFO  MyAccountPage :241 - Clicking on register link : [[ChromeDriver: chrome on WINDOWS (8d8169069267c8e38ac735090738cbdb)] -> xpath: //body/div[@id='account-register']/div[1]/div[1]/form[1]/fieldset[3]/div[1]/div[1]/label[1]/input[1]]
2022-12-20 16:12:18 INFO  MyAccountPage :247 - Clicking on register link : [[ChromeDriver: chrome on WINDOWS (8d8169069267c8e38ac735090738cbdb)] -> xpath: //body/div[@id='account-register']/div[1]/div[1]/form[1]/div[1]/div[1]/input[1]]
2022-12-20 16:12:459 INFO  MyAccountPage :253 - Clicking on register link : [[ChromeDriver: chrome on WINDOWS (8d8169069267c8e38ac735090738cbdb)] -> xpath: //body/div[@id='account-register']/div[1]/div[1]/form[1]/div[1]/div[1]/input[2]]
2022-12-20 16:12:988 INFO  MyAccountPage :160 - Clicking on register link : [[ChromeDriver: chrome on WINDOWS (7080a63be978003016a7c34bebcc48d1)] -> xpath: //span[contains(text(),'My Account')]]
2022-12-20 16:12:399 INFO  MyAccountPage :181 - Clicking on register link : [[ChromeDriver: chrome on WINDOWS (7080a63be978003016a7c34bebcc48d1)] -> xpath: //a[contains(text(),'Login')]]
2022-12-20 16:12:699 INFO  MyAccountPage :323 - Clicking on register link : [[ChromeDriver: chrome on WINDOWS (7080a63be978003016a7c34bebcc48d1)] -> id: input-password]
2022-12-20 16:12:892 INFO  MyAccountPage :160 - Clicking on register link : [[ChromeDriver: chrome on WINDOWS (eceb1cd409c0dffa739c06de886ae927)] -> xpath: //span[contains(text(),'My Account')]]
2022-12-20 16:12:625 INFO  MyAccountPage :166 - Clicking on register link : [[ChromeDriver: chrome on WINDOWS (eceb1cd409c0dffa739c06de886ae927)] -> xpath: //a[contains(text(),'Register')]]
2022-12-20 16:12:662 INFO  MyAccountPage :160 - Clicking on register link : [[ChromeDriver: chrome on WINDOWS (0625e1c0fe04c5b13ebd7226436292cb)] -> xpath: //span[contains(text(),'My Account')]]
2022-12-20 16:12:86 INFO  MyAccountPage :181 - Clicking on register link : [[ChromeDriver: chrome on WINDOWS (0625e1c0fe04c5b13ebd7226436292cb)] -> xpath: //a[contains(text(),'Login')]]
2022-12-20 16:12:167 INFO  MyAccountPage :188 - Clicking on register link : [[ChromeDriver: chrome on WINDOWS (0625e1c0fe04c5b13ebd7226436292cb)] -> xpath: //h2[contains(text(),'Returning Customer')]]
2022-12-20 16:12:478 INFO  MyAccountPage :160 - Clicking on register link : [[ChromeDriver: chrome on WINDOWS (67da6c0c585f06649aa2dec5a0f8dd4c)] -> xpath: //span[contains(text(),'My Account')]]
2022-12-20 16:12:346 INFO  MyAccountPage :166 - Clicking on register link : [[ChromeDriver: chrome on WINDOWS (67da6c0c585f06649aa2dec5a0f8dd4c)] -> xpath: //a[contains(text(),'Register')]]
2022-12-20 16:12:496 INFO  MyAccountPage :196 - Clicking on register link : [[ChromeDriver: chrome on WINDOWS (67da6c0c585f06649aa2dec5a0f8dd4c)] -> id: input-firstname]
2022-12-20 16:12:620 INFO  MyAccountPage :204 - Clicking on register link : [[ChromeDriver: chrome on WINDOWS (67da6c0c585f06649aa2dec5a0f8dd4c)] -> id: input-lastname]
2022-12-20 16:12:782 INFO  MyAccountPage :211 - Clicking on register link : By.id: input-email
2022-12-20 16:12:922 INFO  MyAccountPage :219 - Clicking on register link : [[ChromeDriver: chrome on WINDOWS (67da6c0c585f06649aa2dec5a0f8dd4c)] -> id: input-telephone]
2022-12-20 16:12:59 INFO  MyAccountPage :227 - Clicking on register link : [[ChromeDriver: chrome on WINDOWS (67da6c0c585f06649aa2dec5a0f8dd4c)] -> id: input-password]
2022-12-20 16:12:203 INFO  MyAccountPage :235 - Clicking on register link : [[ChromeDriver: chrome on WINDOWS (67da6c0c585f06649aa2dec5a0f8dd4c)] -> id: input-confirm]
2022-12-20 16:12:312 INFO  MyAccountPage :241 - Clicking on register link : [[ChromeDriver: chrome on WINDOWS (67da6c0c585f06649aa2dec5a0f8dd4c)] -> xpath: //body/div[@id='account-register']/div[1]/div[1]/form[1]/fieldset[3]/div[1]/div[1]/label[1]/input[1]]
2022-12-20 16:12:414 INFO  MyAccountPage :247 - Clicking on register link : [[ChromeDriver: chrome on WINDOWS (67da6c0c585f06649aa2dec5a0f8dd4c)] -> xpath: //body/div[@id='account-register']/div[1]/div[1]/form[1]/div[1]/div[1]/input[1]]
2022-12-20 16:12:917 INFO  MyAccountPage :253 - Clicking on register link : [[ChromeDriver: chrome on WINDOWS (67da6c0c585f06649aa2dec5a0f8dd4c)] -> xpath: //body/div[@id='account-register']/div[1]/div[1]/form[1]/div[1]/div[1]/input[2]]
2022-12-20 16:12:441 INFO  MyAccountPage :160 - Clicking on register link : [[ChromeDriver: chrome on WINDOWS (79c5c0223267ce7267ea5d549e104c96)] -> xpath: //span[contains(text(),'My Account')]]
2022-12-20 16:12:21 INFO  MyAccountPage :181 - Clicking on register link : [[ChromeDriver: chrome on WINDOWS (79c5c0223267ce7267ea5d549e104c96)] -> xpath: //a[contains(text(),'Login')]]
2022-12-20 16:12:414 INFO  MyAccountPage :323 - Clicking on register link : [[ChromeDriver: chrome on WINDOWS (79c5c0223267ce7267ea5d549e104c96)] -> id: input-password]
2022-12-20 16:12:970 INFO  MyAccountPage :160 - Clicking on register link : [[ChromeDriver: chrome on WINDOWS (d790f048707d04ac6a661cf3d70be103)] -> xpath: //span[contains(text(),'My Account')]]
2022-12-20 16:12:356 INFO  MyAccountPage :181 - Clicking on register link : [[ChromeDriver: chrome on WINDOWS (d790f048707d04ac6a661cf3d70be103)] -> xpath: //a[contains(text(),'Login')]]
2022-12-20 16:12:613 INFO  MyAccountPage :323 - Clicking on register link : [[ChromeDriver: chrome on WINDOWS (d790f048707d04ac6a661cf3d70be103)] -> id: input-password]
2022-12-20 16:12:207 INFO  MyAccountPage :160 - Clicking on register link : [[ChromeDriver: chrome on WINDOWS (d4197987450b432e276332df85b5454b)] -> xpath: //span[contains(text(),'My Account')]]
2022-12-20 16:12:20 INFO  MyAccountPage :166 - Clicking on register link : [[ChromeDriver: chrome on WINDOWS (d4197987450b432e276332df85b5454b)] -> xpath: //a[contains(text(),'Register')]]
2022-12-20 16:12:127 INFO  MyAccountPage :196 - Clicking on register link : [[ChromeDriver: chrome on WINDOWS (d4197987450b432e276332df85b5454b)] -> id: input-firstname]
2022-12-20 16:12:223 INFO  MyAccountPage :204 - Clicking on register link : [[ChromeDriver: chrome on WINDOWS (d4197987450b432e276332df85b5454b)] -> id: input-lastname]
2022-12-20 16:12:342 INFO  MyAccountPage :211 - Clicking on register link : By.id: input-email
2022-12-20 16:12:439 INFO  MyAccountPage :219 - Clicking on register link : [[ChromeDriver: chrome on WINDOWS (d4197987450b432e276332df85b5454b)] -> id: input-telephone]
2022-12-20 16:12:541 INFO  MyAccountPage :227 - Clicking on register link : [[ChromeDriver: chrome on WINDOWS (d4197987450b432e276332df85b5454b)] -> id: input-password]
2022-12-20 16:12:638 INFO  MyAccountPage :235 - Clicking on register link : [[ChromeDriver: chrome on WINDOWS (d4197987450b432e276332df85b5454b)] -> id: input-confirm]
2022-12-20 16:12:717 INFO  MyAccountPage :241 - Clicking on register link : [[ChromeDriver: chrome on WINDOWS (d4197987450b432e276332df85b5454b)] -> xpath: //body/div[@id='account-register']/div[1]/div[1]/form[1]/fieldset[3]/div[1]/div[1]/label[1]/input[1]]
2022-12-20 16:12:796 INFO  MyAccountPage :247 - Clicking on register link : [[ChromeDriver: chrome on WINDOWS (d4197987450b432e276332df85b5454b)] -> xpath: //body/div[@id='account-register']/div[1]/div[1]/form[1]/div[1]/div[1]/input[1]]
2022-12-20 16:12:193 INFO  MyAccountPage :253 - Clicking on register link : [[ChromeDriver: chrome on WINDOWS (d4197987450b432e276332df85b5454b)] -> xpath: //body/div[@id='account-register']/div[1]/div[1]/form[1]/div[1]/div[1]/input[2]]
2022-12-20 16:12:437 INFO  MyAccountPage :161 - Clicking on register link : [[ChromeDriver: chrome on WINDOWS (487c888b8d78c69cfdf7ca3b7ee53e98)] -> xpath: //span[contains(text(),'My Account')]]
2022-12-20 16:12:111 INFO  MyAccountPage :167 - Clicking on register link : [[ChromeDriver: chrome on WINDOWS (487c888b8d78c69cfdf7ca3b7ee53e98)] -> xpath: //a[contains(text(),'Register')]]
2022-12-20 16:12:235 INFO  MyAccountPage :197 - Clicking on register link : [[ChromeDriver: chrome on WINDOWS (487c888b8d78c69cfdf7ca3b7ee53e98)] -> id: input-firstname]
2022-12-20 16:12:358 INFO  MyAccountPage :205 - Clicking on register link : [[ChromeDriver: chrome on WINDOWS (487c888b8d78c69cfdf7ca3b7ee53e98)] -> id: input-lastname]
2022-12-20 16:12:494 INFO  MyAccountPage :212 - Clicking on register link : By.id: input-email
2022-12-20 16:12:614 INFO  MyAccountPage :220 - Clicking on register link : [[ChromeDriver: chrome on WINDOWS (487c888b8d78c69cfdf7ca3b7ee53e98)] -> id: input-telephone]
2022-12-20 16:12:729 INFO  MyAccountPage :228 - Clicking on register link : [[ChromeDriver: chrome on WINDOWS (487c888b8d78c69cfdf7ca3b7ee53e98)] -> id: input-password]
2022-12-20 16:12:858 INFO  MyAccountPage :236 - Clicking on register link : [[ChromeDriver: chrome on WINDOWS (487c888b8d78c69cfdf7ca3b7ee53e98)] -> id: input-confirm]
2022-12-20 16:12:953 INFO  MyAccountPage :242 - Clicking on register link : [[ChromeDriver: chrome on WINDOWS (487c888b8d78c69cfdf7ca3b7ee53e98)] -> xpath: //body/div[@id='account-register']/div[1]/div[1]/form[1]/fieldset[3]/div[1]/div[1]/label[1]/input[1]]
2022-12-20 16:12:41 INFO  MyAccountPage :248 - Clicking on register link : [[ChromeDriver: chrome on WINDOWS (487c888b8d78c69cfdf7ca3b7ee53e98)] -> xpath: //body/div[@id='account-register']/div[1]/div[1]/form[1]/div[1]/div[1]/input[1]]
2022-12-20 16:12:448 INFO  MyAccountPage :254 - Clicking on register link : [[ChromeDriver: chrome on WINDOWS (487c888b8d78c69cfdf7ca3b7ee53e98)] -> xpath: //input[@value='Continue']]
2022-12-20 16:12:877 INFO  MyAccountPage :161 - Clicking on register link : [[ChromeDriver: chrome on WINDOWS (3a45a919077b72a4fa9b54340a83825e)] -> xpath: //span[contains(text(),'My Account')]]
2022-12-20 16:12:696 INFO  MyAccountPage :167 - Clicking on register link : [[ChromeDriver: chrome on WINDOWS (3a45a919077b72a4fa9b54340a83825e)] -> xpath: //a[contains(text(),'Register')]]
2022-12-20 16:12:819 INFO  MyAccountPage :197 - Clicking on register link : [[ChromeDriver: chrome on WINDOWS (3a45a919077b72a4fa9b54340a83825e)] -> id: input-firstname]
2022-12-20 16:12:932 INFO  MyAccountPage :205 - Clicking on register link : [[ChromeDriver: chrome on WINDOWS (3a45a919077b72a4fa9b54340a83825e)] -> id: input-lastname]
2022-12-20 16:12:81 INFO  MyAccountPage :212 - Clicking on register link : By.id: input-email
2022-12-20 16:12:199 INFO  MyAccountPage :220 - Clicking on register link : [[ChromeDriver: chrome on WINDOWS (3a45a919077b72a4fa9b54340a83825e)] -> id: input-telephone]
2022-12-20 16:12:315 INFO  MyAccountPage :228 - Clicking on register link : [[ChromeDriver: chrome on WINDOWS (3a45a919077b72a4fa9b54340a83825e)] -> id: input-password]
2022-12-20 16:12:437 INFO  MyAccountPage :236 - Clicking on register link : [[ChromeDriver: chrome on WINDOWS (3a45a919077b72a4fa9b54340a83825e)] -> id: input-confirm]
2022-12-20 16:12:521 INFO  MyAccountPage :242 - Clicking on register link : [[ChromeDriver: chrome on WINDOWS (3a45a919077b72a4fa9b54340a83825e)] -> xpath: //body/div[@id='account-register']/div[1]/div[1]/form[1]/fieldset[3]/div[1]/div[1]/label[1]/input[1]]
2022-12-20 16:12:612 INFO  MyAccountPage :248 - Clicking on register link : [[ChromeDriver: chrome on WINDOWS (3a45a919077b72a4fa9b54340a83825e)] -> xpath: //body/div[@id='account-register']/div[1]/div[1]/form[1]/div[1]/div[1]/input[1]]
2022-12-20 16:12:54 INFO  MyAccountPage :254 - Clicking on register link : [[ChromeDriver: chrome on WINDOWS (3a45a919077b72a4fa9b54340a83825e)] -> xpath: //input[@value='Continue']]
2022-12-20 16:12:435 INFO  MyAccountPage :161 - Clicking on register link : [[ChromeDriver: chrome on WINDOWS (c0a849a64afbb192c4ae90e6b37f7217)] -> xpath: //span[contains(text(),'My Account')]]
2022-12-20 17:12:286 INFO  MyAccountPage :167 - Clicking on register link : [[ChromeDriver: chrome on WINDOWS (c0a849a64afbb192c4ae90e6b37f7217)] -> xpath: //a[contains(text(),'Register')]]
2022-12-20 17:12:420 INFO  MyAccountPage :197 - Clicking on register link : [[ChromeDriver: chrome on WINDOWS (c0a849a64afbb192c4ae90e6b37f7217)] -> id: input-firstname]
2022-12-20 17:12:566 INFO  MyAccountPage :205 - Clicking on register link : [[ChromeDriver: chrome on WINDOWS (c0a849a64afbb192c4ae90e6b37f7217)] -> id: input-lastname]
2022-12-20 17:12:731 INFO  MyAccountPage :212 - Clicking on register link : By.id: input-email
2022-12-20 17:12:886 INFO  MyAccountPage :220 - Clicking on register link : [[ChromeDriver: chrome on WINDOWS (c0a849a64afbb192c4ae90e6b37f7217)] -> id: input-telephone]
2022-12-20 17:12:56 INFO  MyAccountPage :228 - Clicking on register link : [[ChromeDriver: chrome on WINDOWS (c0a849a64afbb192c4ae90e6b37f7217)] -> id: input-password]
2022-12-20 17:12:223 INFO  MyAccountPage :236 - Clicking on register link : [[ChromeDriver: chrome on WINDOWS (c0a849a64afbb192c4ae90e6b37f7217)] -> id: input-confirm]
2022-12-20 17:12:338 INFO  MyAccountPage :242 - Clicking on register link : [[ChromeDriver: chrome on WINDOWS (c0a849a64afbb192c4ae90e6b37f7217)] -> xpath: //body/div[@id='account-register']/div[1]/div[1]/form[1]/fieldset[3]/div[1]/div[1]/label[1]/input[1]]
2022-12-20 17:12:458 INFO  MyAccountPage :248 - Clicking on register link : [[ChromeDriver: chrome on WINDOWS (c0a849a64afbb192c4ae90e6b37f7217)] -> xpath: //body/div[@id='account-register']/div[1]/div[1]/form[1]/div[1]/div[1]/input[1]]
2022-12-20 17:12:118 INFO  MyAccountPage :254 - Clicking on register link : [[ChromeDriver: chrome on WINDOWS (c0a849a64afbb192c4ae90e6b37f7217)] -> xpath: //input[@value='Continue']]
2022-12-20 17:12:192 INFO  MyAccountPage :261 - Clicking on register link : [[ChromeDriver: chrome on WINDOWS (c0a849a64afbb192c4ae90e6b37f7217)] -> xpath: //h1[contains(text(),'Your Account Has Been Created!')]]
2022-12-20 17:12:646 INFO  MyAccountPage :270 - Clicking on register link : [[ChromeDriver: chrome on WINDOWS (c0a849a64afbb192c4ae90e6b37f7217)] -> xpath: //a[contains(text(),'Continue')]]
2022-12-20 17:12:15 INFO  MyAccountPage :276 - Clicking on register link : [[ChromeDriver: chrome on WINDOWS (c0a849a64afbb192c4ae90e6b37f7217)] -> xpath: //body/div[@id='account-account']/div[1]/aside[1]/div[1]/a[1]]
2022-12-20 17:12:927 INFO  MyAccountPage :283 - Clicking on register link : [[ChromeDriver: chrome on WINDOWS (c0a849a64afbb192c4ae90e6b37f7217)] -> xpath: //a[contains(text(),'Login')]]
2022-12-20 17:12:991 INFO  MyAccountPage :290 - Clicking on register link : [[ChromeDriver: chrome on WINDOWS (c0a849a64afbb192c4ae90e6b37f7217)] -> xpath: //h1[contains(text(),'Account Logout')]]
2022-12-20 17:12:655 INFO  MyAccountPage :298 - Clicking on register link : [[ChromeDriver: chrome on WINDOWS (c0a849a64afbb192c4ae90e6b37f7217)] -> xpath: //a[contains(text(),'Continue')]]
2022-12-20 17:12:974 INFO  MyAccountPage :161 - Clicking on register link : [[ChromeDriver: chrome on WINDOWS (9f8240cd7abe354f3218200f4ed2207e)] -> xpath: //span[contains(text(),'My Account')]]
2022-12-20 17:12:362 INFO  MyAccountPage :182 - Clicking on register link : [[ChromeDriver: chrome on WINDOWS (9f8240cd7abe354f3218200f4ed2207e)] -> xpath: //a[contains(text(),'Login')]]
2022-12-20 17:12:664 INFO  MyAccountPage :324 - Clicking on register link : [[ChromeDriver: chrome on WINDOWS (9f8240cd7abe354f3218200f4ed2207e)] -> id: input-password]
2022-12-20 17:12:854 INFO  MyAccountPage :161 - Clicking on register link : [[ChromeDriver: chrome on WINDOWS (30c513faa94b8b90d12a0e4fbc4fe86d)] -> xpath: //span[contains(text(),'My Account')]]
2022-12-20 17:12:261 INFO  MyAccountPage :182 - Clicking on register link : [[ChromeDriver: chrome on WINDOWS (30c513faa94b8b90d12a0e4fbc4fe86d)] -> xpath: //a[contains(text(),'Login')]]
2022-12-20 17:12:579 INFO  MyAccountPage :324 - Clicking on register link : [[ChromeDriver: chrome on WINDOWS (30c513faa94b8b90d12a0e4fbc4fe86d)] -> id: input-password]
2022-12-20 17:12:428 INFO  MyAccountPage :161 - Clicking on register link : [[ChromeDriver: chrome on WINDOWS (51dc2463639082880c75f40783c18bde)] -> xpath: //span[contains(text(),'My Account')]]
2022-12-20 17:12:835 INFO  MyAccountPage :182 - Clicking on register link : [[ChromeDriver: chrome on WINDOWS (51dc2463639082880c75f40783c18bde)] -> xpath: //a[contains(text(),'Login')]]
2022-12-20 17:12:113 INFO  MyAccountPage :324 - Clicking on register link : [[ChromeDriver: chrome on WINDOWS (51dc2463639082880c75f40783c18bde)] -> id: input-password]
2022-12-20 23:12:686 INFO  MyAccountPage :161 - Clicking on register link : [[ChromeDriver: chrome on WINDOWS (9c1a17e1249c82e69c7712347eb12bd2)] -> xpath: //span[contains(text(),'My Account')]]
2022-12-20 23:12:12 INFO  MyAccountPage :182 - Clicking on register link : [[ChromeDriver: chrome on WINDOWS (9c1a17e1249c82e69c7712347eb12bd2)] -> xpath: //a[contains(text(),'Login')]]
2022-12-20 23:12:203 INFO  MyAccountPage :324 - Clicking on register link : [[ChromeDriver: chrome on WINDOWS (9c1a17e1249c82e69c7712347eb12bd2)] -> id: input-password]
2022-12-20 23:12:744 INFO  MyAccountPage :161 - Clicking on register link : [[ChromeDriver: chrome on WINDOWS (1acd8c3f05f7452743b8f6d9cee4453b)] -> xpath: //span[contains(text(),'My Account')]]
2022-12-20 23:12:281 INFO  MyAccountPage :182 - Clicking on register link : [[ChromeDriver: chrome on WINDOWS (1acd8c3f05f7452743b8f6d9cee4453b)] -> xpath: //a[contains(text(),'Login')]]
2022-12-20 23:12:570 INFO  MyAccountPage :324 - Clicking on register link : [[ChromeDriver: chrome on WINDOWS (1acd8c3f05f7452743b8f6d9cee4453b)] -> id: input-password]
2022-12-20 23:12:756 INFO  MyAccountPage :161 - Clicking on register link : [[ChromeDriver: chrome on WINDOWS (b040b712b2bf4d46d63c7de29902f1f8)] -> xpath: //span[contains(text(),'My Account')]]
2022-12-20 23:12:260 INFO  MyAccountPage :182 - Clicking on register link : [[ChromeDriver: chrome on WINDOWS (b040b712b2bf4d46d63c7de29902f1f8)] -> xpath: //a[contains(text(),'Login')]]
2022-12-20 23:12:631 INFO  MyAccountPage :324 - Clicking on register link : [[ChromeDriver: chrome on WINDOWS (b040b712b2bf4d46d63c7de29902f1f8)] -> id: input-password]
2022-12-20 23:12:118 INFO  MyAccountPage :161 - Clicking on register link : [[ChromeDriver: chrome on WINDOWS (de484fcb6298ec9de498bd2c8030374e)] -> xpath: //span[contains(text(),'My Account')]]
2022-12-20 23:12:73 INFO  MyAccountPage :167 - Clicking on register link : [[ChromeDriver: chrome on WINDOWS (de484fcb6298ec9de498bd2c8030374e)] -> xpath: //a[contains(text(),'Register')]]
2022-12-20 23:12:219 INFO  MyAccountPage :197 - Clicking on register link : [[ChromeDriver: chrome on WINDOWS (de484fcb6298ec9de498bd2c8030374e)] -> id: input-firstname]
2022-12-20 23:12:342 INFO  MyAccountPage :205 - Clicking on register link : [[ChromeDriver: chrome on WINDOWS (de484fcb6298ec9de498bd2c8030374e)] -> id: input-lastname]
2022-12-20 23:12:489 INFO  MyAccountPage :212 - Clicking on register link : By.id: input-email
2022-12-20 23:12:632 INFO  MyAccountPage :220 - Clicking on register link : [[ChromeDriver: chrome on WINDOWS (de484fcb6298ec9de498bd2c8030374e)] -> id: input-telephone]
2022-12-20 23:12:774 INFO  MyAccountPage :228 - Clicking on register link : [[ChromeDriver: chrome on WINDOWS (de484fcb6298ec9de498bd2c8030374e)] -> id: input-password]
2022-12-20 23:12:913 INFO  MyAccountPage :236 - Clicking on register link : [[ChromeDriver: chrome on WINDOWS (de484fcb6298ec9de498bd2c8030374e)] -> id: input-confirm]
2022-12-20 23:12:09 INFO  MyAccountPage :242 - Clicking on register link : [[ChromeDriver: chrome on WINDOWS (de484fcb6298ec9de498bd2c8030374e)] -> xpath: //body/div[@id='account-register']/div[1]/div[1]/form[1]/fieldset[3]/div[1]/div[1]/label[1]/input[1]]
2022-12-20 23:12:111 INFO  MyAccountPage :248 - Clicking on register link : [[ChromeDriver: chrome on WINDOWS (de484fcb6298ec9de498bd2c8030374e)] -> xpath: //body/div[@id='account-register']/div[1]/div[1]/form[1]/div[1]/div[1]/input[1]]
2022-12-20 23:12:764 INFO  MyAccountPage :254 - Clicking on register link : [[ChromeDriver: chrome on WINDOWS (de484fcb6298ec9de498bd2c8030374e)] -> xpath: //input[@value='Continue']]
2022-12-20 23:12:844 INFO  MyAccountPage :261 - Clicking on register link : [[ChromeDriver: chrome on WINDOWS (de484fcb6298ec9de498bd2c8030374e)] -> xpath: //h1[contains(text(),'Your Account Has Been Created!')]]
2022-12-20 23:12:250 INFO  MyAccountPage :270 - Clicking on register link : [[ChromeDriver: chrome on WINDOWS (de484fcb6298ec9de498bd2c8030374e)] -> xpath: //a[contains(text(),'Continue')]]
2022-12-20 23:12:612 INFO  MyAccountPage :276 - Clicking on register link : [[ChromeDriver: chrome on WINDOWS (de484fcb6298ec9de498bd2c8030374e)] -> xpath: //body/div[@id='account-account']/div[1]/aside[1]/div[1]/a[1]]
2022-12-20 23:12:238 INFO  MyAccountPage :283 - Clicking on register link : [[ChromeDriver: chrome on WINDOWS (de484fcb6298ec9de498bd2c8030374e)] -> xpath: //a[contains(text(),'Login')]]
2022-12-20 23:12:309 INFO  MyAccountPage :290 - Clicking on register link : [[ChromeDriver: chrome on WINDOWS (de484fcb6298ec9de498bd2c8030374e)] -> xpath: //h1[contains(text(),'Account Logout')]]
2022-12-20 23:12:808 INFO  MyAccountPage :298 - Clicking on register link : [[ChromeDriver: chrome on WINDOWS (de484fcb6298ec9de498bd2c8030374e)] -> xpath: //a[contains(text(),'Continue')]]
2022-12-20 23:12:133 INFO  MyAccountPage :161 - Clicking on register link : [[ChromeDriver: chrome on WINDOWS (41d9a687557750f516de1c9f92d877c8)] -> xpath: //span[contains(text(),'My Account')]]
2022-12-20 23:12:631 INFO  MyAccountPage :182 - Clicking on register link : [[ChromeDriver: chrome on WINDOWS (41d9a687557750f516de1c9f92d877c8)] -> xpath: //a[contains(text(),'Login')]]
2022-12-20 23:12:09 INFO  MyAccountPage :324 - Clicking on register link : [[ChromeDriver: chrome on WINDOWS (41d9a687557750f516de1c9f92d877c8)] -> id: input-password]
2022-12-20 23:12:742 INFO  MyAccountPage :334 - Clicking on register link : [[ChromeDriver: chrome on WINDOWS (41d9a687557750f516de1c9f92d877c8)] -> xpath: //h2[contains(text(),'My Account')]]
2022-12-20 23:12:68 INFO  MyAccountPage :342 - Clicking on register link : [[ChromeDriver: chrome on WINDOWS (41d9a687557750f516de1c9f92d877c8)] -> xpath: //body/div[@id='account-account']/div[1]/aside[1]/div[1]/a[1]]
2022-12-20 23:12:714 INFO  MyAccountPage :353 - Clicking on register link : [[ChromeDriver: chrome on WINDOWS (41d9a687557750f516de1c9f92d877c8)] -> xpath: //h1[contains(text(),'Account Logout')]]
2022-12-20 23:12:161 INFO  MyAccountPage :361 - Clicking on register link : [[ChromeDriver: chrome on WINDOWS (41d9a687557750f516de1c9f92d877c8)] -> xpath: //a[contains(text(),'Continue')]]
2022-12-20 23:12:434 INFO  HomePage :59 - Clicking on register link : [[ChromeDriver: chrome on WINDOWS (8d968d8a46e47fea66b926e9655b8987)] -> link text: Desktops]
2022-12-20 23:12:299 INFO  HomePage :64 - Clicking on register link : Proxy element for: DefaultElementLocator 'By.linkText: Show All Laptops & Notebooks'
2022-12-20 23:12:933 INFO  DesktopsPage :89 - Clicking on login link : [[ChromeDriver: chrome on WINDOWS (8d968d8a46e47fea66b926e9655b8987)] -> xpath: //select[@id='input-sort']]
2022-12-20 23:12:355 INFO  HomePage :59 - Clicking on register link : [[ChromeDriver: chrome on WINDOWS (d5a80cfd7d8d08955b99a5c3e27760d3)] -> link text: Desktops]
2022-12-20 23:12:315 INFO  HomePage :64 - Clicking on register link : Proxy element for: DefaultElementLocator 'By.linkText: Show All Laptops & Notebooks'
2022-12-20 23:12:948 INFO  DesktopsPage :116 - Clicking on login link : [[ChromeDriver: chrome on WINDOWS (d5a80cfd7d8d08955b99a5c3e27760d3)] -> xpath: //select[@id='input-sort']]
2022-12-20 23:12:802 INFO  DesktopsPage :141 - Clicking on login link : [[ChromeDriver: chrome on WINDOWS (d5a80cfd7d8d08955b99a5c3e27760d3)] -> xpath: //a[contains(text(),'HP LP3065')]]
2022-12-20 23:12:842 INFO  DesktopsPage :147 - Clicking on login link : [[ChromeDriver: chrome on WINDOWS (d5a80cfd7d8d08955b99a5c3e27760d3)] -> xpath: //h1[contains(text(),'HP LP3065')]]
2022-12-20 23:12:915 INFO  DesktopsPage :172 - Clicking on login link : [[ChromeDriver: chrome on WINDOWS (d5a80cfd7d8d08955b99a5c3e27760d3)] -> name: quantity]
2022-12-20 23:12:982 INFO  DesktopsPage :179 - Clicking on login link : [[ChromeDriver: chrome on WINDOWS (d5a80cfd7d8d08955b99a5c3e27760d3)] -> id: button-cart]
2022-12-20 23:12:391 INFO  DesktopsPage :187 - Clicking on login link : [[ChromeDriver: chrome on WINDOWS (d5a80cfd7d8d08955b99a5c3e27760d3)] -> css selector: body:nth-child(2) div.container:nth-child(4) > div.alert.alert-success.alert-dismissible]
2022-12-20 23:12:450 INFO  DesktopsPage :198 - Clicking on login link : [[ChromeDriver: chrome on WINDOWS (d5a80cfd7d8d08955b99a5c3e27760d3)] -> xpath: //a[contains(text(),'shopping cart')]]
2022-12-20 23:12:757 INFO  HomePage :59 - Clicking on register link : [[ChromeDriver: chrome on WINDOWS (cc99b8cadd9bd4e202b897d4b125e1a4)] -> link text: Desktops]
2022-12-20 23:12:640 INFO  HomePage :64 - Clicking on register link : Proxy element for: DefaultElementLocator 'By.linkText: Show All Laptops & Notebooks'
2022-12-20 23:12:359 INFO  DesktopsPage :89 - Clicking on login link : [[ChromeDriver: chrome on WINDOWS (cc99b8cadd9bd4e202b897d4b125e1a4)] -> xpath: //select[@id='input-sort']]
2022-12-20 23:12:743 INFO  HomePage :59 - Clicking on register link : [[ChromeDriver: chrome on WINDOWS (35f4b7746383051743424327b799aa4b)] -> link text: Desktops]
2022-12-20 23:12:647 INFO  HomePage :64 - Clicking on register link : Proxy element for: DefaultElementLocator 'By.linkText: Show All Laptops & Notebooks'
2022-12-20 23:12:254 INFO  DesktopsPage :116 - Clicking on login link : [[ChromeDriver: chrome on WINDOWS (35f4b7746383051743424327b799aa4b)] -> xpath: //select[@id='input-sort']]
2022-12-20 23:12:571 INFO  DesktopsPage :141 - Clicking on login link : [[ChromeDriver: chrome on WINDOWS (35f4b7746383051743424327b799aa4b)] -> xpath: //a[contains(text(),'HP LP3065')]]
2022-12-20 23:12:620 INFO  DesktopsPage :147 - Clicking on login link : [[ChromeDriver: chrome on WINDOWS (35f4b7746383051743424327b799aa4b)] -> xpath: //h1[contains(text(),'HP LP3065')]]
2022-12-20 23:12:402 INFO  DesktopsPage :172 - Clicking on login link : [[ChromeDriver: chrome on WINDOWS (35f4b7746383051743424327b799aa4b)] -> name: quantity]
2022-12-20 23:12:472 INFO  DesktopsPage :179 - Clicking on login link : [[ChromeDriver: chrome on WINDOWS (35f4b7746383051743424327b799aa4b)] -> id: button-cart]
2022-12-20 23:12:815 INFO  DesktopsPage :187 - Clicking on login link : [[ChromeDriver: chrome on WINDOWS (35f4b7746383051743424327b799aa4b)] -> css selector: body:nth-child(2) div.container:nth-child(4) > div.alert.alert-success.alert-dismissible]
2022-12-20 23:12:877 INFO  DesktopsPage :198 - Clicking on login link : [[ChromeDriver: chrome on WINDOWS (35f4b7746383051743424327b799aa4b)] -> xpath: //a[contains(text(),'shopping cart')]]
2022-12-20 23:12:492 INFO  HomePage :59 - Clicking on register link : [[ChromeDriver: chrome on WINDOWS (3aea81d416fb9defef5140835eeb2c6a)] -> link text: Desktops]
2022-12-20 23:12:385 INFO  HomePage :64 - Clicking on register link : Proxy element for: DefaultElementLocator 'By.linkText: Show All Laptops & Notebooks'
2022-12-20 23:12:150 INFO  DesktopsPage :89 - Clicking on login link : [[ChromeDriver: chrome on WINDOWS (3aea81d416fb9defef5140835eeb2c6a)] -> xpath: //select[@id='input-sort']]
2022-12-20 23:12:924 INFO  HomePage :59 - Clicking on register link : [[ChromeDriver: chrome on WINDOWS (2b28296417d2a62972fa137f914f37f3)] -> link text: Desktops]
2022-12-20 23:12:802 INFO  HomePage :64 - Clicking on register link : Proxy element for: DefaultElementLocator 'By.linkText: Show All Laptops & Notebooks'
2022-12-20 23:12:409 INFO  DesktopsPage :116 - Clicking on login link : [[ChromeDriver: chrome on WINDOWS (2b28296417d2a62972fa137f914f37f3)] -> xpath: //select[@id='input-sort']]
2022-12-20 23:12:268 INFO  DesktopsPage :141 - Clicking on login link : [[ChromeDriver: chrome on WINDOWS (2b28296417d2a62972fa137f914f37f3)] -> xpath: //a[contains(text(),'HP LP3065')]]
2022-12-20 23:12:304 INFO  DesktopsPage :147 - Clicking on login link : [[ChromeDriver: chrome on WINDOWS (2b28296417d2a62972fa137f914f37f3)] -> xpath: //h1[contains(text(),'HP LP3065')]]
2022-12-20 23:12:541 INFO  DesktopsPage :172 - Clicking on login link : [[ChromeDriver: chrome on WINDOWS (2b28296417d2a62972fa137f914f37f3)] -> name: quantity]
2022-12-20 23:12:610 INFO  DesktopsPage :179 - Clicking on login link : [[ChromeDriver: chrome on WINDOWS (2b28296417d2a62972fa137f914f37f3)] -> id: button-cart]
2022-12-20 23:12:957 INFO  DesktopsPage :187 - Clicking on login link : [[ChromeDriver: chrome on WINDOWS (2b28296417d2a62972fa137f914f37f3)] -> css selector: body:nth-child(2) div.container:nth-child(4) > div.alert.alert-success.alert-dismissible]
2022-12-20 23:12:345 INFO  DesktopsPage :198 - Clicking on login link : [[ChromeDriver: chrome on WINDOWS (2b28296417d2a62972fa137f914f37f3)] -> xpath: //a[contains(text(),'shopping cart')]]
2022-12-20 23:12:390 INFO  DesktopsPage :202 - Clicking on login link : [[ChromeDriver: chrome on WINDOWS (2b28296417d2a62972fa137f914f37f3)] -> xpath: //a[contains(text(),'Shopping Cart')]]
2022-12-20 23:12:426 INFO  DesktopsPage :210 - Clicking on login link : [[ChromeDriver: chrome on WINDOWS (2b28296417d2a62972fa137f914f37f3)] -> xpath: //div[@class = 'table-responsive']/table/tbody/tr/td[2]/a]
2022-12-20 23:12:455 INFO  DesktopsPage :219 - Clicking on login link : [[ChromeDriver: chrome on WINDOWS (2b28296417d2a62972fa137f914f37f3)] -> xpath: //div[@class = 'table-responsive']/table/tbody/tr/td[2]/small[1]]
2022-12-20 23:12:486 INFO  DesktopsPage :226 - Clicking on login link : [[ChromeDriver: chrome on WINDOWS (2b28296417d2a62972fa137f914f37f3)] -> xpath: //div[@class = 'table-responsive']/table/tbody/tr/td[3]]
2022-12-20 23:12:519 INFO  DesktopsPage :233 - Clicking on login link : [[ChromeDriver: chrome on WINDOWS (2b28296417d2a62972fa137f914f37f3)] -> xpath: //div[@class = 'table-responsive']/table/tbody/tr/td[6]]
